---------------------------------------------------------------

[2020-03-22T08:33:18+08:00] 127.0.0.1 GET www.jsh.com/admin
[运行时间：0.316209s] [吞吐率：3.16req/s] [内存消耗：2,867.31kb] [文件加载：74]
[ info ] [ LANG ] F:\phpstudy_pro\WWW\jsh\thinkphp\lang\zh-cn.php
[ info ] [ ROUTE ] array (
)
[ info ] [ HEADER ] array (
  'cookie' => 'pgv_pvi=6898232320; Hm_lvt_b393d153aeb26b46e9431fabaf0f6190=1584583718; Hm_lvt_b393d153aeb26b46e9431fabaf0f6190=1584583718',
  'accept-language' => 'zh-CN,zh;q=0.9',
  'accept-encoding' => 'gzip, deflate',
  'accept' => 'text/html,application/xhtml+xml,application/xml;q=0.9,image/webp,image/apng,*/*;q=0.8,application/signed-exchange;v=b3',
  'user-agent' => 'Mozilla/5.0 (Windows NT 10.0; WOW64) AppleWebKit/537.36 (KHTML, like Gecko) Chrome/77.0.3865.120 Safari/537.36',
  'upgrade-insecure-requests' => '1',
  'connection' => 'close',
  'host' => 'www.jsh.com',
)
[ info ] [ PARAM ] array (
  '/admin' => '',
)
[ info ] [ VIEW ] F:\phpstudy_pro\WWW\jsh\application\admin\view\index\index.html [ array (
) ]
---------------------------------------------------------------

[2020-03-22T08:33:19+08:00] 127.0.0.1 GET www.jsh.com/admin/integral/index
[运行时间：0.029482s] [吞吐率：33.92req/s] [内存消耗：2,663.21kb] [文件加载：73]
[ info ] [ LANG ] F:\phpstudy_pro\WWW\jsh\thinkphp\lang\zh-cn.php
[ info ] [ ROUTE ] array (
)
[ info ] [ HEADER ] array (
  'cookie' => 'pgv_pvi=6898232320; Hm_lvt_b393d153aeb26b46e9431fabaf0f6190=1584583718; Hm_lvt_b393d153aeb26b46e9431fabaf0f6190=1584583718; thinkphp_show_page_trace=0|0',
  'accept-language' => 'zh-CN,zh;q=0.9',
  'accept-encoding' => 'gzip, deflate',
  'referer' => 'http://www.jsh.com/admin',
  'accept' => 'text/html,application/xhtml+xml,application/xml;q=0.9,image/webp,image/apng,*/*;q=0.8,application/signed-exchange;v=b3',
  'user-agent' => 'Mozilla/5.0 (Windows NT 10.0; WOW64) AppleWebKit/537.36 (KHTML, like Gecko) Chrome/77.0.3865.120 Safari/537.36',
  'upgrade-insecure-requests' => '1',
  'connection' => 'close',
  'host' => 'www.jsh.com',
)
[ info ] [ PARAM ] array (
  '/admin/integral/index' => '',
)
---------------------------------------------------------------

[2020-03-22T08:33:19+08:00] 127.0.0.1 GET www.jsh.com/view/login
[运行时间：0.064622s] [吞吐率：15.47req/s] [内存消耗：2,888.77kb] [文件加载：75]
[ info ] [ LANG ] F:\phpstudy_pro\WWW\jsh\thinkphp\lang\zh-cn.php
[ info ] [ ROUTE ] array (
  'rule' => 'view/login',
  'route' => 'admin/Login/login_view',
  'option' => 
  array (
    'merge_rule_regex' => false,
  ),
  'var' => 
  array (
  ),
)
[ info ] [ HEADER ] array (
  'cookie' => 'pgv_pvi=6898232320; Hm_lvt_b393d153aeb26b46e9431fabaf0f6190=1584583718; Hm_lvt_b393d153aeb26b46e9431fabaf0f6190=1584583718; thinkphp_show_page_trace=0|0; PHPSESSID=a64up3usl6nk9jobik8ug6ulg6',
  'accept-language' => 'zh-CN,zh;q=0.9',
  'accept-encoding' => 'gzip, deflate',
  'referer' => 'http://www.jsh.com/admin',
  'accept' => 'text/html,application/xhtml+xml,application/xml;q=0.9,image/webp,image/apng,*/*;q=0.8,application/signed-exchange;v=b3',
  'user-agent' => 'Mozilla/5.0 (Windows NT 10.0; WOW64) AppleWebKit/537.36 (KHTML, like Gecko) Chrome/77.0.3865.120 Safari/537.36',
  'upgrade-insecure-requests' => '1',
  'connection' => 'close',
  'host' => 'www.jsh.com',
)
[ info ] [ PARAM ] array (
  '/view/login' => '',
)
[ info ] [ VIEW ] F:\phpstudy_pro\WWW\jsh\application\admin\view\login\login_view.html [ array (
) ]
---------------------------------------------------------------

[2020-03-22T08:33:19+08:00] 127.0.0.1 GET www.jsh.com/captcha.html
[运行时间：0.082287s] [吞吐率：12.15req/s] [内存消耗：2,106.45kb] [文件加载：60]
[ info ] [ LANG ] F:\phpstudy_pro\WWW\jsh\thinkphp\lang\zh-cn.php
[ info ] [ ROUTE ] array (
  'rule' => 'captcha/<id?>',
  'route' => '\\think\\captcha\\CaptchaController@index',
  'option' => 
  array (
    'merge_rule_regex' => false,
  ),
  'var' => 
  array (
  ),
)
[ info ] [ HEADER ] array (
  'cookie' => 'pgv_pvi=6898232320; Hm_lvt_b393d153aeb26b46e9431fabaf0f6190=1584583718; thinkphp_show_page_trace=0|0; PHPSESSID=a64up3usl6nk9jobik8ug6ulg6; Hm_lvt_b393d153aeb26b46e9431fabaf0f6190=1584583718,1584837199; Hm_lpvt_b393d153aeb26b46e9431fabaf0f6190=1584837199',
  'accept-language' => 'zh-CN,zh;q=0.9',
  'accept-encoding' => 'gzip, deflate',
  'referer' => 'http://www.jsh.com/view/login',
  'accept' => 'image/webp,image/apng,image/*,*/*;q=0.8',
  'user-agent' => 'Mozilla/5.0 (Windows NT 10.0; WOW64) AppleWebKit/537.36 (KHTML, like Gecko) Chrome/77.0.3865.120 Safari/537.36',
  'connection' => 'close',
  'host' => 'www.jsh.com',
)
[ info ] [ PARAM ] array (
  '/captcha_html' => '',
)
---------------------------------------------------------------

[2020-03-22T08:33:20+08:00] 127.0.0.1 GET www.jsh.com/admin/integral/addtype
[运行时间：0.024817s] [吞吐率：40.29req/s] [内存消耗：2,663.14kb] [文件加载：73]
[ info ] [ LANG ] F:\phpstudy_pro\WWW\jsh\thinkphp\lang\zh-cn.php
[ info ] [ ROUTE ] array (
)
[ info ] [ HEADER ] array (
  'cookie' => 'pgv_pvi=6898232320; Hm_lvt_b393d153aeb26b46e9431fabaf0f6190=1584583718; Hm_lvt_b393d153aeb26b46e9431fabaf0f6190=1584583718; thinkphp_show_page_trace=0|0',
  'accept-language' => 'zh-CN,zh;q=0.9',
  'accept-encoding' => 'gzip, deflate',
  'referer' => 'http://www.jsh.com/admin',
  'accept' => 'text/html,application/xhtml+xml,application/xml;q=0.9,image/webp,image/apng,*/*;q=0.8,application/signed-exchange;v=b3',
  'user-agent' => 'Mozilla/5.0 (Windows NT 10.0; WOW64) AppleWebKit/537.36 (KHTML, like Gecko) Chrome/77.0.3865.120 Safari/537.36',
  'upgrade-insecure-requests' => '1',
  'connection' => 'close',
  'host' => 'www.jsh.com',
)
[ info ] [ PARAM ] array (
  '/admin/integral/addtype' => '',
)
---------------------------------------------------------------

[2020-03-22T08:33:20+08:00] 127.0.0.1 GET www.jsh.com/view/login
[运行时间：0.024755s] [吞吐率：40.40req/s] [内存消耗：2,707.63kb] [文件加载：73]
[ info ] [ LANG ] F:\phpstudy_pro\WWW\jsh\thinkphp\lang\zh-cn.php
[ info ] [ ROUTE ] array (
  'rule' => 'view/login',
  'route' => 'admin/Login/login_view',
  'option' => 
  array (
    'merge_rule_regex' => false,
  ),
  'var' => 
  array (
  ),
)
[ info ] [ HEADER ] array (
  'cookie' => 'thinkphp_show_page_trace=0|0; pgv_pvi=6898232320; Hm_lvt_b393d153aeb26b46e9431fabaf0f6190=1584583718; thinkphp_show_page_trace=0|0; Hm_lvt_b393d153aeb26b46e9431fabaf0f6190=1584583718,1584837199; Hm_lpvt_b393d153aeb26b46e9431fabaf0f6190=1584837199; PHPSESSID=2gt6cscp0tg4mo4s0lolvpar77',
  'accept-language' => 'zh-CN,zh;q=0.9',
  'accept-encoding' => 'gzip, deflate',
  'referer' => 'http://www.jsh.com/admin',
  'accept' => 'text/html,application/xhtml+xml,application/xml;q=0.9,image/webp,image/apng,*/*;q=0.8,application/signed-exchange;v=b3',
  'user-agent' => 'Mozilla/5.0 (Windows NT 10.0; WOW64) AppleWebKit/537.36 (KHTML, like Gecko) Chrome/77.0.3865.120 Safari/537.36',
  'upgrade-insecure-requests' => '1',
  'connection' => 'close',
  'host' => 'www.jsh.com',
)
[ info ] [ PARAM ] array (
  '/view/login' => '',
)
[ info ] [ VIEW ] F:\phpstudy_pro\WWW\jsh\application\admin\view\login\login_view.html [ array (
) ]
---------------------------------------------------------------

[2020-03-22T08:33:20+08:00] 127.0.0.1 GET www.jsh.com/captcha.html
[运行时间：0.020795s] [吞吐率：48.09req/s] [内存消耗：2,106.38kb] [文件加载：60]
[ info ] [ LANG ] F:\phpstudy_pro\WWW\jsh\thinkphp\lang\zh-cn.php
[ info ] [ ROUTE ] array (
  'rule' => 'captcha/<id?>',
  'route' => '\\think\\captcha\\CaptchaController@index',
  'option' => 
  array (
    'merge_rule_regex' => false,
  ),
  'var' => 
  array (
  ),
)
[ info ] [ HEADER ] array (
  'cookie' => 'pgv_pvi=6898232320; Hm_lvt_b393d153aeb26b46e9431fabaf0f6190=1584583718; thinkphp_show_page_trace=0|0; Hm_lvt_b393d153aeb26b46e9431fabaf0f6190=1584583718,1584837199; Hm_lpvt_b393d153aeb26b46e9431fabaf0f6190=1584837199; PHPSESSID=2gt6cscp0tg4mo4s0lolvpar77',
  'accept-language' => 'zh-CN,zh;q=0.9',
  'accept-encoding' => 'gzip, deflate',
  'referer' => 'http://www.jsh.com/view/login',
  'accept' => 'image/webp,image/apng,image/*,*/*;q=0.8',
  'user-agent' => 'Mozilla/5.0 (Windows NT 10.0; WOW64) AppleWebKit/537.36 (KHTML, like Gecko) Chrome/77.0.3865.120 Safari/537.36',
  'connection' => 'close',
  'host' => 'www.jsh.com',
)
[ info ] [ PARAM ] array (
  '/captcha_html' => '',
)
---------------------------------------------------------------

[2020-03-22T08:33:20+08:00] 127.0.0.1 GET www.jsh.com/unicode.html
[运行时间：0.027642s] [吞吐率：36.18req/s] [内存消耗：2,228.55kb] [文件加载：64]
[ info ] [ LANG ] F:\phpstudy_pro\WWW\jsh\thinkphp\lang\zh-cn.php
---------------------------------------------------------------

[2020-03-22T08:33:21+08:00] 127.0.0.1 GET www.jsh.com/view/admin_list
[运行时间：0.449710s] [吞吐率：2.22req/s] [内存消耗：4,417.29kb] [文件加载：85]
[ info ] [ LANG ] F:\phpstudy_pro\WWW\jsh\thinkphp\lang\zh-cn.php
[ info ] [ ROUTE ] array (
  'rule' => 'view/admin_list',
  'route' => 'admin/admin/admin_list',
  'option' => 
  array (
    'merge_rule_regex' => false,
  ),
  'var' => 
  array (
  ),
)
[ info ] [ HEADER ] array (
  'cookie' => 'pgv_pvi=6898232320; Hm_lvt_b393d153aeb26b46e9431fabaf0f6190=1584583718; Hm_lvt_b393d153aeb26b46e9431fabaf0f6190=1584583718; thinkphp_show_page_trace=0|0',
  'accept-language' => 'zh-CN,zh;q=0.9',
  'accept-encoding' => 'gzip, deflate',
  'referer' => 'http://www.jsh.com/admin',
  'accept' => 'text/html,application/xhtml+xml,application/xml;q=0.9,image/webp,image/apng,*/*;q=0.8,application/signed-exchange;v=b3',
  'user-agent' => 'Mozilla/5.0 (Windows NT 10.0; WOW64) AppleWebKit/537.36 (KHTML, like Gecko) Chrome/77.0.3865.120 Safari/537.36',
  'upgrade-insecure-requests' => '1',
  'connection' => 'close',
  'host' => 'www.jsh.com',
)
[ info ] [ PARAM ] array (
  '/view/admin_list' => '',
)
[ info ] [ DB ] INIT mysql
[ info ] [ VIEW ] F:\phpstudy_pro\WWW\jsh\application\admin\view\admin\admin_list.html [ array (
  0 => 'list',
) ]
[ sql ] [ DB ] CONNECT:[ UseTime:0.119910s ] mysql:host=47.113.115.38;port=3306;dbname=jsh;charset=utf8
[ sql ] [ SQL ] SHOW COLUMNS FROM `fx_admin` [ RunTime:0.074332s ]
[ sql ] [ SQL ] SELECT * FROM `fx_admin` [ RunTime:0.073921s ]
---------------------------------------------------------------

[2020-03-22T08:37:19+08:00] 127.0.0.1 GET www.jsh.com/admin
[运行时间：0.031762s] [吞吐率：31.48req/s] [内存消耗：2,870.66kb] [文件加载：74]
[ info ] [ LANG ] F:\phpstudy_pro\WWW\jsh\thinkphp\lang\zh-cn.php
[ info ] [ ROUTE ] array (
)
[ info ] [ HEADER ] array (
  'cookie' => 'pgv_pvi=6898232320; Hm_lvt_b393d153aeb26b46e9431fabaf0f6190=1584583718; thinkphp_show_page_trace=0|0; PHPSESSID=2gt6cscp0tg4mo4s0lolvpar77; Hm_lvt_b393d153aeb26b46e9431fabaf0f6190=1584583718; Hm_lpvt_b393d153aeb26b46e9431fabaf0f6190=1584837201',
  'accept-language' => 'zh-CN,zh;q=0.9',
  'accept-encoding' => 'gzip, deflate',
  'accept' => 'text/html,application/xhtml+xml,application/xml;q=0.9,image/webp,image/apng,*/*;q=0.8,application/signed-exchange;v=b3',
  'user-agent' => 'Mozilla/5.0 (Windows NT 10.0; WOW64) AppleWebKit/537.36 (KHTML, like Gecko) Chrome/77.0.3865.120 Safari/537.36',
  'upgrade-insecure-requests' => '1',
  'cache-control' => 'max-age=0',
  'connection' => 'close',
  'host' => 'www.jsh.com',
)
[ info ] [ PARAM ] array (
  '/admin' => '',
)
[ info ] [ VIEW ] F:\phpstudy_pro\WWW\jsh\application\admin\view\index\index.html [ array (
) ]
---------------------------------------------------------------

[2020-03-22T08:37:19+08:00] 127.0.0.1 GET www.jsh.com/admin/integral/index
[运行时间：0.033038s] [吞吐率：30.27req/s] [内存消耗：2,666.54kb] [文件加载：73]
[ info ] [ LANG ] F:\phpstudy_pro\WWW\jsh\thinkphp\lang\zh-cn.php
[ info ] [ ROUTE ] array (
)
[ info ] [ HEADER ] array (
  'cookie' => 'pgv_pvi=6898232320; Hm_lvt_b393d153aeb26b46e9431fabaf0f6190=1584583718; thinkphp_show_page_trace=0|0; PHPSESSID=2gt6cscp0tg4mo4s0lolvpar77; Hm_lvt_b393d153aeb26b46e9431fabaf0f6190=1584583718; Hm_lpvt_b393d153aeb26b46e9431fabaf0f6190=1584837201',
  'accept-language' => 'zh-CN,zh;q=0.9',
  'accept-encoding' => 'gzip, deflate',
  'referer' => 'http://www.jsh.com/admin',
  'accept' => 'text/html,application/xhtml+xml,application/xml;q=0.9,image/webp,image/apng,*/*;q=0.8,application/signed-exchange;v=b3',
  'user-agent' => 'Mozilla/5.0 (Windows NT 10.0; WOW64) AppleWebKit/537.36 (KHTML, like Gecko) Chrome/77.0.3865.120 Safari/537.36',
  'upgrade-insecure-requests' => '1',
  'connection' => 'close',
  'host' => 'www.jsh.com',
)
[ info ] [ PARAM ] array (
  '/admin/integral/index' => '',
)
---------------------------------------------------------------

[2020-03-22T08:37:19+08:00] 127.0.0.1 GET www.jsh.com/admin/integral/addtype
[运行时间：0.030454s] [吞吐率：32.84req/s] [内存消耗：2,666.66kb] [文件加载：73]
[ info ] [ LANG ] F:\phpstudy_pro\WWW\jsh\thinkphp\lang\zh-cn.php
[ info ] [ ROUTE ] array (
)
[ info ] [ HEADER ] array (
  'cookie' => 'pgv_pvi=6898232320; Hm_lvt_b393d153aeb26b46e9431fabaf0f6190=1584583718; thinkphp_show_page_trace=0|0; PHPSESSID=2gt6cscp0tg4mo4s0lolvpar77; Hm_lvt_b393d153aeb26b46e9431fabaf0f6190=1584583718; Hm_lpvt_b393d153aeb26b46e9431fabaf0f6190=1584837201',
  'accept-language' => 'zh-CN,zh;q=0.9',
  'accept-encoding' => 'gzip, deflate',
  'referer' => 'http://www.jsh.com/admin',
  'accept' => 'text/html,application/xhtml+xml,application/xml;q=0.9,image/webp,image/apng,*/*;q=0.8,application/signed-exchange;v=b3',
  'user-agent' => 'Mozilla/5.0 (Windows NT 10.0; WOW64) AppleWebKit/537.36 (KHTML, like Gecko) Chrome/77.0.3865.120 Safari/537.36',
  'upgrade-insecure-requests' => '1',
  'connection' => 'close',
  'host' => 'www.jsh.com',
)
[ info ] [ PARAM ] array (
  '/admin/integral/addtype' => '',
)
---------------------------------------------------------------

[2020-03-22T08:37:19+08:00] 127.0.0.1 GET www.jsh.com/unicode.html
[运行时间：0.027705s] [吞吐率：36.09req/s] [内存消耗：2,230.86kb] [文件加载：64]
[ info ] [ LANG ] F:\phpstudy_pro\WWW\jsh\thinkphp\lang\zh-cn.php
---------------------------------------------------------------

[2020-03-22T08:37:19+08:00] 127.0.0.1 GET www.jsh.com/view/login
[运行时间：0.026705s] [吞吐率：37.45req/s] [内存消耗：2,710.55kb] [文件加载：73]
[ info ] [ LANG ] F:\phpstudy_pro\WWW\jsh\thinkphp\lang\zh-cn.php
[ info ] [ ROUTE ] array (
  'rule' => 'view/login',
  'route' => 'admin/Login/login_view',
  'option' => 
  array (
    'merge_rule_regex' => false,
  ),
  'var' => 
  array (
  ),
)
[ info ] [ HEADER ] array (
  'cookie' => 'thinkphp_show_page_trace=0|0; pgv_pvi=6898232320; Hm_lvt_b393d153aeb26b46e9431fabaf0f6190=1584583718; thinkphp_show_page_trace=0|0; PHPSESSID=2gt6cscp0tg4mo4s0lolvpar77; Hm_lvt_b393d153aeb26b46e9431fabaf0f6190=1584583718; Hm_lpvt_b393d153aeb26b46e9431fabaf0f6190=1584837201',
  'accept-language' => 'zh-CN,zh;q=0.9',
  'accept-encoding' => 'gzip, deflate',
  'referer' => 'http://www.jsh.com/admin',
  'accept' => 'text/html,application/xhtml+xml,application/xml;q=0.9,image/webp,image/apng,*/*;q=0.8,application/signed-exchange;v=b3',
  'user-agent' => 'Mozilla/5.0 (Windows NT 10.0; WOW64) AppleWebKit/537.36 (KHTML, like Gecko) Chrome/77.0.3865.120 Safari/537.36',
  'upgrade-insecure-requests' => '1',
  'connection' => 'close',
  'host' => 'www.jsh.com',
)
[ info ] [ PARAM ] array (
  '/view/login' => '',
)
[ info ] [ VIEW ] F:\phpstudy_pro\WWW\jsh\application\admin\view\login\login_view.html [ array (
) ]
---------------------------------------------------------------

[2020-03-22T08:37:19+08:00] 127.0.0.1 GET www.jsh.com/view/login
[运行时间：0.026199s] [吞吐率：38.17req/s] [内存消耗：2,710.55kb] [文件加载：73]
[ info ] [ LANG ] F:\phpstudy_pro\WWW\jsh\thinkphp\lang\zh-cn.php
[ info ] [ ROUTE ] array (
  'rule' => 'view/login',
  'route' => 'admin/Login/login_view',
  'option' => 
  array (
    'merge_rule_regex' => false,
  ),
  'var' => 
  array (
  ),
)
[ info ] [ HEADER ] array (
  'cookie' => 'thinkphp_show_page_trace=0|0; pgv_pvi=6898232320; Hm_lvt_b393d153aeb26b46e9431fabaf0f6190=1584583718; thinkphp_show_page_trace=0|0; PHPSESSID=2gt6cscp0tg4mo4s0lolvpar77; Hm_lvt_b393d153aeb26b46e9431fabaf0f6190=1584583718; Hm_lpvt_b393d153aeb26b46e9431fabaf0f6190=1584837201',
  'accept-language' => 'zh-CN,zh;q=0.9',
  'accept-encoding' => 'gzip, deflate',
  'referer' => 'http://www.jsh.com/admin',
  'accept' => 'text/html,application/xhtml+xml,application/xml;q=0.9,image/webp,image/apng,*/*;q=0.8,application/signed-exchange;v=b3',
  'user-agent' => 'Mozilla/5.0 (Windows NT 10.0; WOW64) AppleWebKit/537.36 (KHTML, like Gecko) Chrome/77.0.3865.120 Safari/537.36',
  'upgrade-insecure-requests' => '1',
  'connection' => 'close',
  'host' => 'www.jsh.com',
)
[ info ] [ PARAM ] array (
  '/view/login' => '',
)
[ info ] [ VIEW ] F:\phpstudy_pro\WWW\jsh\application\admin\view\login\login_view.html [ array (
) ]
---------------------------------------------------------------

[2020-03-22T08:37:19+08:00] 127.0.0.1 GET www.jsh.com/captcha.html
[运行时间：0.021795s] [吞吐率：45.88req/s] [内存消耗：2,108.58kb] [文件加载：60]
[ info ] [ LANG ] F:\phpstudy_pro\WWW\jsh\thinkphp\lang\zh-cn.php
[ info ] [ ROUTE ] array (
  'rule' => 'captcha/<id?>',
  'route' => '\\think\\captcha\\CaptchaController@index',
  'option' => 
  array (
    'merge_rule_regex' => false,
  ),
  'var' => 
  array (
  ),
)
[ info ] [ HEADER ] array (
  'cookie' => 'pgv_pvi=6898232320; Hm_lvt_b393d153aeb26b46e9431fabaf0f6190=1584583718; thinkphp_show_page_trace=0|0; PHPSESSID=2gt6cscp0tg4mo4s0lolvpar77; Hm_lvt_b393d153aeb26b46e9431fabaf0f6190=1584583718; Hm_lpvt_b393d153aeb26b46e9431fabaf0f6190=1584837201',
  'accept-language' => 'zh-CN,zh;q=0.9',
  'accept-encoding' => 'gzip, deflate',
  'referer' => 'http://www.jsh.com/view/login',
  'accept' => 'image/webp,image/apng,image/*,*/*;q=0.8',
  'user-agent' => 'Mozilla/5.0 (Windows NT 10.0; WOW64) AppleWebKit/537.36 (KHTML, like Gecko) Chrome/77.0.3865.120 Safari/537.36',
  'connection' => 'close',
  'host' => 'www.jsh.com',
)
[ info ] [ PARAM ] array (
  '/captcha_html' => '',
)
---------------------------------------------------------------

[2020-03-22T08:37:19+08:00] 127.0.0.1 GET www.jsh.com/captcha.html
[运行时间：0.053530s] [吞吐率：18.68req/s] [内存消耗：2,108.59kb] [文件加载：60]
[ info ] [ LANG ] F:\phpstudy_pro\WWW\jsh\thinkphp\lang\zh-cn.php
[ info ] [ ROUTE ] array (
  'rule' => 'captcha/<id?>',
  'route' => '\\think\\captcha\\CaptchaController@index',
  'option' => 
  array (
    'merge_rule_regex' => false,
  ),
  'var' => 
  array (
  ),
)
[ info ] [ HEADER ] array (
  'cookie' => 'pgv_pvi=6898232320; Hm_lvt_b393d153aeb26b46e9431fabaf0f6190=1584583718; thinkphp_show_page_trace=0|0; PHPSESSID=2gt6cscp0tg4mo4s0lolvpar77; Hm_lvt_b393d153aeb26b46e9431fabaf0f6190=1584583718; Hm_lpvt_b393d153aeb26b46e9431fabaf0f6190=1584837440',
  'accept-language' => 'zh-CN,zh;q=0.9',
  'accept-encoding' => 'gzip, deflate',
  'referer' => 'http://www.jsh.com/view/login',
  'accept' => 'image/webp,image/apng,image/*,*/*;q=0.8',
  'user-agent' => 'Mozilla/5.0 (Windows NT 10.0; WOW64) AppleWebKit/537.36 (KHTML, like Gecko) Chrome/77.0.3865.120 Safari/537.36',
  'connection' => 'close',
  'host' => 'www.jsh.com',
)
[ info ] [ PARAM ] array (
  '/captcha_html' => '',
)
---------------------------------------------------------------

[2020-03-22T08:37:21+08:00] 127.0.0.1 GET www.jsh.com/view/admin_list
[运行时间：0.297538s] [吞吐率：3.36req/s] [内存消耗：4,420.01kb] [文件加载：85]
[ info ] [ LANG ] F:\phpstudy_pro\WWW\jsh\thinkphp\lang\zh-cn.php
[ info ] [ ROUTE ] array (
  'rule' => 'view/admin_list',
  'route' => 'admin/admin/admin_list',
  'option' => 
  array (
    'merge_rule_regex' => false,
  ),
  'var' => 
  array (
  ),
)
[ info ] [ HEADER ] array (
  'cookie' => 'thinkphp_show_page_trace=0|0; pgv_pvi=6898232320; Hm_lvt_b393d153aeb26b46e9431fabaf0f6190=1584583718; thinkphp_show_page_trace=0|0; PHPSESSID=2gt6cscp0tg4mo4s0lolvpar77; Hm_lvt_b393d153aeb26b46e9431fabaf0f6190=1584583718; Hm_lpvt_b393d153aeb26b46e9431fabaf0f6190=1584837201',
  'accept-language' => 'zh-CN,zh;q=0.9',
  'accept-encoding' => 'gzip, deflate',
  'referer' => 'http://www.jsh.com/admin',
  'accept' => 'text/html,application/xhtml+xml,application/xml;q=0.9,image/webp,image/apng,*/*;q=0.8,application/signed-exchange;v=b3',
  'user-agent' => 'Mozilla/5.0 (Windows NT 10.0; WOW64) AppleWebKit/537.36 (KHTML, like Gecko) Chrome/77.0.3865.120 Safari/537.36',
  'upgrade-insecure-requests' => '1',
  'connection' => 'close',
  'host' => 'www.jsh.com',
)
[ info ] [ PARAM ] array (
  '/view/admin_list' => '',
)
[ info ] [ DB ] INIT mysql
[ info ] [ VIEW ] F:\phpstudy_pro\WWW\jsh\application\admin\view\admin\admin_list.html [ array (
  0 => 'list',
) ]
[ sql ] [ DB ] CONNECT:[ UseTime:0.112012s ] mysql:host=47.113.115.38;port=3306;dbname=jsh;charset=utf8
[ sql ] [ SQL ] SHOW COLUMNS FROM `fx_admin` [ RunTime:0.074256s ]
[ sql ] [ SQL ] SELECT * FROM `fx_admin` [ RunTime:0.074473s ]
---------------------------------------------------------------

[2020-03-22T08:37:22+08:00] 127.0.0.1 GET www.jsh.com/quit
[运行时间：0.026860s] [吞吐率：37.23req/s] [内存消耗：2,575.76kb] [文件加载：70]
[ info ] [ LANG ] F:\phpstudy_pro\WWW\jsh\thinkphp\lang\zh-cn.php
[ info ] [ ROUTE ] array (
  'rule' => 'quit',
  'route' => 'admin/login/quit',
  'option' => 
  array (
    'merge_rule_regex' => false,
  ),
  'var' => 
  array (
  ),
)
[ info ] [ HEADER ] array (
  'cookie' => 'pgv_pvi=6898232320; Hm_lvt_b393d153aeb26b46e9431fabaf0f6190=1584583718; thinkphp_show_page_trace=0|0; PHPSESSID=2gt6cscp0tg4mo4s0lolvpar77; Hm_lvt_b393d153aeb26b46e9431fabaf0f6190=1584583718; Hm_lpvt_b393d153aeb26b46e9431fabaf0f6190=1584837441',
  'accept-language' => 'zh-CN,zh;q=0.9',
  'accept-encoding' => 'gzip, deflate',
  'referer' => 'http://www.jsh.com/admin',
  'accept' => 'text/html,application/xhtml+xml,application/xml;q=0.9,image/webp,image/apng,*/*;q=0.8,application/signed-exchange;v=b3',
  'user-agent' => 'Mozilla/5.0 (Windows NT 10.0; WOW64) AppleWebKit/537.36 (KHTML, like Gecko) Chrome/77.0.3865.120 Safari/537.36',
  'upgrade-insecure-requests' => '1',
  'connection' => 'close',
  'host' => 'www.jsh.com',
)
[ info ] [ PARAM ] array (
  '/quit' => '',
)
---------------------------------------------------------------

[2020-03-22T08:38:01+08:00] 127.0.0.1 GET www.jsh.com/quit
[运行时间：0.033870s] [吞吐率：29.52req/s] [内存消耗：2,582.10kb] [文件加载：71]
[ info ] [ LANG ] F:\phpstudy_pro\WWW\jsh\thinkphp\lang\zh-cn.php
[ info ] [ ROUTE ] array (
  'rule' => 'quit',
  'route' => 'admin/login/quit',
  'option' => 
  array (
    'merge_rule_regex' => false,
  ),
  'var' => 
  array (
  ),
)
[ info ] [ HEADER ] array (
  'cookie' => 'pgv_pvi=6898232320; Hm_lvt_b393d153aeb26b46e9431fabaf0f6190=1584583718; thinkphp_show_page_trace=0|0; PHPSESSID=2gt6cscp0tg4mo4s0lolvpar77; Hm_lvt_b393d153aeb26b46e9431fabaf0f6190=1584583718; Hm_lpvt_b393d153aeb26b46e9431fabaf0f6190=1584837441',
  'accept-language' => 'zh-CN,zh;q=0.9',
  'accept-encoding' => 'gzip, deflate',
  'referer' => 'http://www.jsh.com/admin',
  'accept' => 'text/html,application/xhtml+xml,application/xml;q=0.9,image/webp,image/apng,*/*;q=0.8,application/signed-exchange;v=b3',
  'user-agent' => 'Mozilla/5.0 (Windows NT 10.0; WOW64) AppleWebKit/537.36 (KHTML, like Gecko) Chrome/77.0.3865.120 Safari/537.36',
  'upgrade-insecure-requests' => '1',
  'cache-control' => 'max-age=0',
  'connection' => 'close',
  'host' => 'www.jsh.com',
)
[ info ] [ PARAM ] array (
  '/quit' => '',
)
---------------------------------------------------------------

[2020-03-22T08:38:40+08:00] 127.0.0.1 GET www.jsh.com/quit
[运行时间：0.024077s] [吞吐率：41.53req/s] [内存消耗：2,703.97kb] [文件加载：72]
[ info ] [ LANG ] F:\phpstudy_pro\WWW\jsh\thinkphp\lang\zh-cn.php
[ info ] [ ROUTE ] array (
  'rule' => 'quit',
  'route' => 'admin/login/quit',
  'option' => 
  array (
    'merge_rule_regex' => false,
  ),
  'var' => 
  array (
  ),
)
[ info ] [ HEADER ] array (
  'cookie' => 'pgv_pvi=6898232320; Hm_lvt_b393d153aeb26b46e9431fabaf0f6190=1584583718; thinkphp_show_page_trace=0|0; PHPSESSID=2gt6cscp0tg4mo4s0lolvpar77; Hm_lvt_b393d153aeb26b46e9431fabaf0f6190=1584583718; Hm_lpvt_b393d153aeb26b46e9431fabaf0f6190=1584837441',
  'accept-language' => 'zh-CN,zh;q=0.9',
  'accept-encoding' => 'gzip, deflate',
  'referer' => 'http://www.jsh.com/admin',
  'accept' => 'text/html,application/xhtml+xml,application/xml;q=0.9,image/webp,image/apng,*/*;q=0.8,application/signed-exchange;v=b3',
  'user-agent' => 'Mozilla/5.0 (Windows NT 10.0; WOW64) AppleWebKit/537.36 (KHTML, like Gecko) Chrome/77.0.3865.120 Safari/537.36',
  'upgrade-insecure-requests' => '1',
  'cache-control' => 'max-age=0',
  'connection' => 'close',
  'host' => 'www.jsh.com',
)
[ info ] [ PARAM ] array (
  '/quit' => '',
)
---------------------------------------------------------------

[2020-03-22T08:38:40+08:00] 127.0.0.1 GET www.jsh.com/admin/view/admin.html
[运行时间：0.022553s] [吞吐率：44.34req/s] [内存消耗：2,664.05kb] [文件加载：73]
[ info ] [ LANG ] F:\phpstudy_pro\WWW\jsh\thinkphp\lang\zh-cn.php
[ info ] [ ROUTE ] array (
)
[ info ] [ HEADER ] array (
  'cookie' => 'pgv_pvi=6898232320; Hm_lvt_b393d153aeb26b46e9431fabaf0f6190=1584583718; thinkphp_show_page_trace=0|0; PHPSESSID=2gt6cscp0tg4mo4s0lolvpar77; Hm_lvt_b393d153aeb26b46e9431fabaf0f6190=1584583718; Hm_lpvt_b393d153aeb26b46e9431fabaf0f6190=1584837441',
  'accept-language' => 'zh-CN,zh;q=0.9',
  'accept-encoding' => 'gzip, deflate',
  'referer' => 'http://www.jsh.com/admin',
  'accept' => 'text/html,application/xhtml+xml,application/xml;q=0.9,image/webp,image/apng,*/*;q=0.8,application/signed-exchange;v=b3',
  'user-agent' => 'Mozilla/5.0 (Windows NT 10.0; WOW64) AppleWebKit/537.36 (KHTML, like Gecko) Chrome/77.0.3865.120 Safari/537.36',
  'upgrade-insecure-requests' => '1',
  'cache-control' => 'max-age=0',
  'connection' => 'close',
  'host' => 'www.jsh.com',
)
[ info ] [ PARAM ] array (
  '/admin/view/admin_html' => '',
)
---------------------------------------------------------------

[2020-03-22T08:38:40+08:00] 127.0.0.1 GET www.jsh.com/view/login
[运行时间：0.025282s] [吞吐率：39.55req/s] [内存消耗：2,711.81kb] [文件加载：73]
[ info ] [ LANG ] F:\phpstudy_pro\WWW\jsh\thinkphp\lang\zh-cn.php
[ info ] [ ROUTE ] array (
  'rule' => 'view/login',
  'route' => 'admin/Login/login_view',
  'option' => 
  array (
    'merge_rule_regex' => false,
  ),
  'var' => 
  array (
  ),
)
[ info ] [ HEADER ] array (
  'cookie' => 'thinkphp_show_page_trace=0|0; pgv_pvi=6898232320; Hm_lvt_b393d153aeb26b46e9431fabaf0f6190=1584583718; thinkphp_show_page_trace=0|0; PHPSESSID=2gt6cscp0tg4mo4s0lolvpar77; Hm_lvt_b393d153aeb26b46e9431fabaf0f6190=1584583718; Hm_lpvt_b393d153aeb26b46e9431fabaf0f6190=1584837441',
  'accept-language' => 'zh-CN,zh;q=0.9',
  'accept-encoding' => 'gzip, deflate',
  'referer' => 'http://www.jsh.com/admin',
  'accept' => 'text/html,application/xhtml+xml,application/xml;q=0.9,image/webp,image/apng,*/*;q=0.8,application/signed-exchange;v=b3',
  'user-agent' => 'Mozilla/5.0 (Windows NT 10.0; WOW64) AppleWebKit/537.36 (KHTML, like Gecko) Chrome/77.0.3865.120 Safari/537.36',
  'upgrade-insecure-requests' => '1',
  'cache-control' => 'max-age=0',
  'connection' => 'close',
  'host' => 'www.jsh.com',
)
[ info ] [ PARAM ] array (
  '/view/login' => '',
)
[ info ] [ VIEW ] F:\phpstudy_pro\WWW\jsh\application\admin\view\login\login_view.html [ array (
) ]
---------------------------------------------------------------

[2020-03-22T08:38:40+08:00] 127.0.0.1 GET www.jsh.com/captcha.html
[运行时间：0.020977s] [吞吐率：47.67req/s] [内存消耗：2,108.66kb] [文件加载：60]
[ info ] [ LANG ] F:\phpstudy_pro\WWW\jsh\thinkphp\lang\zh-cn.php
[ info ] [ ROUTE ] array (
  'rule' => 'captcha/<id?>',
  'route' => '\\think\\captcha\\CaptchaController@index',
  'option' => 
  array (
    'merge_rule_regex' => false,
  ),
  'var' => 
  array (
  ),
)
[ info ] [ HEADER ] array (
  'cookie' => 'pgv_pvi=6898232320; Hm_lvt_b393d153aeb26b46e9431fabaf0f6190=1584583718; thinkphp_show_page_trace=0|0; PHPSESSID=2gt6cscp0tg4mo4s0lolvpar77; Hm_lvt_b393d153aeb26b46e9431fabaf0f6190=1584583718; Hm_lpvt_b393d153aeb26b46e9431fabaf0f6190=1584837441',
  'accept-language' => 'zh-CN,zh;q=0.9',
  'accept-encoding' => 'gzip, deflate',
  'referer' => 'http://www.jsh.com/view/login',
  'accept' => 'image/webp,image/apng,image/*,*/*;q=0.8',
  'user-agent' => 'Mozilla/5.0 (Windows NT 10.0; WOW64) AppleWebKit/537.36 (KHTML, like Gecko) Chrome/77.0.3865.120 Safari/537.36',
  'connection' => 'close',
  'host' => 'www.jsh.com',
)
[ info ] [ PARAM ] array (
  '/captcha_html' => '',
)
---------------------------------------------------------------

[2020-03-22T08:38:51+08:00] 127.0.0.1 GET www.jsh.com/view/login
[运行时间：0.025500s] [吞吐率：39.22req/s] [内存消耗：2,711.81kb] [文件加载：73]
[ info ] [ LANG ] F:\phpstudy_pro\WWW\jsh\thinkphp\lang\zh-cn.php
[ info ] [ ROUTE ] array (
  'rule' => 'view/login',
  'route' => 'admin/Login/login_view',
  'option' => 
  array (
    'merge_rule_regex' => false,
  ),
  'var' => 
  array (
  ),
)
[ info ] [ HEADER ] array (
  'cookie' => 'thinkphp_show_page_trace=0|0; pgv_pvi=6898232320; Hm_lvt_b393d153aeb26b46e9431fabaf0f6190=1584583718; thinkphp_show_page_trace=0|0; PHPSESSID=2gt6cscp0tg4mo4s0lolvpar77; Hm_lvt_b393d153aeb26b46e9431fabaf0f6190=1584583718; Hm_lpvt_b393d153aeb26b46e9431fabaf0f6190=1584837441',
  'accept-language' => 'zh-CN,zh;q=0.9',
  'accept-encoding' => 'gzip, deflate',
  'referer' => 'http://www.jsh.com/admin',
  'accept' => 'text/html,application/xhtml+xml,application/xml;q=0.9,image/webp,image/apng,*/*;q=0.8,application/signed-exchange;v=b3',
  'user-agent' => 'Mozilla/5.0 (Windows NT 10.0; WOW64) AppleWebKit/537.36 (KHTML, like Gecko) Chrome/77.0.3865.120 Safari/537.36',
  'upgrade-insecure-requests' => '1',
  'cache-control' => 'max-age=0',
  'connection' => 'close',
  'host' => 'www.jsh.com',
)
[ info ] [ PARAM ] array (
  '/view/login' => '',
)
[ info ] [ VIEW ] F:\phpstudy_pro\WWW\jsh\application\admin\view\login\login_view.html [ array (
) ]
---------------------------------------------------------------

[2020-03-22T08:38:51+08:00] 127.0.0.1 GET www.jsh.com/captcha.html
[运行时间：0.035625s] [吞吐率：28.07req/s] [内存消耗：2,108.72kb] [文件加载：60]
[ info ] [ LANG ] F:\phpstudy_pro\WWW\jsh\thinkphp\lang\zh-cn.php
[ info ] [ ROUTE ] array (
  'rule' => 'captcha/<id?>',
  'route' => '\\think\\captcha\\CaptchaController@index',
  'option' => 
  array (
    'merge_rule_regex' => false,
  ),
  'var' => 
  array (
  ),
)
[ info ] [ HEADER ] array (
  'cookie' => 'pgv_pvi=6898232320; Hm_lvt_b393d153aeb26b46e9431fabaf0f6190=1584583718; thinkphp_show_page_trace=0|0; PHPSESSID=2gt6cscp0tg4mo4s0lolvpar77; Hm_lvt_b393d153aeb26b46e9431fabaf0f6190=1584583718; Hm_lpvt_b393d153aeb26b46e9431fabaf0f6190=1584837441',
  'accept-language' => 'zh-CN,zh;q=0.9',
  'accept-encoding' => 'gzip, deflate',
  'referer' => 'http://www.jsh.com/view/login',
  'accept' => 'image/webp,image/apng,image/*,*/*;q=0.8',
  'user-agent' => 'Mozilla/5.0 (Windows NT 10.0; WOW64) AppleWebKit/537.36 (KHTML, like Gecko) Chrome/77.0.3865.120 Safari/537.36',
  'connection' => 'close',
  'host' => 'www.jsh.com',
)
[ info ] [ PARAM ] array (
  '/captcha_html' => '',
)
---------------------------------------------------------------

[2020-03-22T08:39:02+08:00] 127.0.0.1 POST www.jsh.com/login
[运行时间：0.044536s] [吞吐率：22.45req/s] [内存消耗：2,676.98kb] [文件加载：72]
[ info ] [ LANG ] F:\phpstudy_pro\WWW\jsh\thinkphp\lang\zh-cn.php
[ info ] [ ROUTE ] array (
  'rule' => 'login',
  'route' => 'admin/login/login',
  'option' => 
  array (
    'merge_rule_regex' => false,
  ),
  'var' => 
  array (
  ),
)
[ info ] [ HEADER ] array (
  'cookie' => 'pgv_pvi=6898232320; Hm_lvt_b393d153aeb26b46e9431fabaf0f6190=1584583718; thinkphp_show_page_trace=0|0; PHPSESSID=2gt6cscp0tg4mo4s0lolvpar77; Hm_lvt_b393d153aeb26b46e9431fabaf0f6190=1584583718; Hm_lpvt_b393d153aeb26b46e9431fabaf0f6190=1584837441',
  'accept-language' => 'zh-CN,zh;q=0.9',
  'accept-encoding' => 'gzip, deflate',
  'referer' => 'http://www.jsh.com/view/login',
  'content-type' => 'application/x-www-form-urlencoded; charset=UTF-8',
  'user-agent' => 'Mozilla/5.0 (Windows NT 10.0; WOW64) AppleWebKit/537.36 (KHTML, like Gecko) Chrome/77.0.3865.120 Safari/537.36',
  'x-requested-with' => 'XMLHttpRequest',
  'origin' => 'http://www.jsh.com',
  'accept' => '*/*',
  'content-length' => '40',
  'connection' => 'close',
  'host' => 'www.jsh.com',
)
[ info ] [ PARAM ] array (
  '/login' => '',
  'username' => 'admin',
  'password' => '123456',
  'code' => 'w1cp',
)
---------------------------------------------------------------

[2020-03-22T08:39:05+08:00] 127.0.0.1 GET www.jsh.com/captcha.html?1584837545829
[运行时间：0.019626s] [吞吐率：50.95req/s] [内存消耗：2,108.48kb] [文件加载：60]
[ info ] [ LANG ] F:\phpstudy_pro\WWW\jsh\thinkphp\lang\zh-cn.php
[ info ] [ ROUTE ] array (
  'rule' => 'captcha/<id?>',
  'route' => '\\think\\captcha\\CaptchaController@index',
  'option' => 
  array (
    'merge_rule_regex' => false,
  ),
  'var' => 
  array (
  ),
)
[ info ] [ HEADER ] array (
  'cookie' => 'pgv_pvi=6898232320; Hm_lvt_b393d153aeb26b46e9431fabaf0f6190=1584583718; thinkphp_show_page_trace=0|0; PHPSESSID=2gt6cscp0tg4mo4s0lolvpar77; Hm_lvt_b393d153aeb26b46e9431fabaf0f6190=1584583718; Hm_lpvt_b393d153aeb26b46e9431fabaf0f6190=1584837441',
  'accept-language' => 'zh-CN,zh;q=0.9',
  'accept-encoding' => 'gzip, deflate',
  'referer' => 'http://www.jsh.com/view/login',
  'accept' => 'image/webp,image/apng,image/*,*/*;q=0.8',
  'user-agent' => 'Mozilla/5.0 (Windows NT 10.0; WOW64) AppleWebKit/537.36 (KHTML, like Gecko) Chrome/77.0.3865.120 Safari/537.36',
  'connection' => 'close',
  'host' => 'www.jsh.com',
)
[ info ] [ PARAM ] array (
  '/captcha_html' => '',
  '1584837545829' => '',
)
---------------------------------------------------------------

[2020-03-22T08:39:07+08:00] 127.0.0.1 GET www.jsh.com/captcha.html?1584837547621
[运行时间：0.019114s] [吞吐率：52.32req/s] [内存消耗：2,108.55kb] [文件加载：60]
[ info ] [ LANG ] F:\phpstudy_pro\WWW\jsh\thinkphp\lang\zh-cn.php
[ info ] [ ROUTE ] array (
  'rule' => 'captcha/<id?>',
  'route' => '\\think\\captcha\\CaptchaController@index',
  'option' => 
  array (
    'merge_rule_regex' => false,
  ),
  'var' => 
  array (
  ),
)
[ info ] [ HEADER ] array (
  'cookie' => 'pgv_pvi=6898232320; Hm_lvt_b393d153aeb26b46e9431fabaf0f6190=1584583718; thinkphp_show_page_trace=0|0; PHPSESSID=2gt6cscp0tg4mo4s0lolvpar77; Hm_lvt_b393d153aeb26b46e9431fabaf0f6190=1584583718; Hm_lpvt_b393d153aeb26b46e9431fabaf0f6190=1584837441',
  'accept-language' => 'zh-CN,zh;q=0.9',
  'accept-encoding' => 'gzip, deflate',
  'referer' => 'http://www.jsh.com/view/login',
  'accept' => 'image/webp,image/apng,image/*,*/*;q=0.8',
  'user-agent' => 'Mozilla/5.0 (Windows NT 10.0; WOW64) AppleWebKit/537.36 (KHTML, like Gecko) Chrome/77.0.3865.120 Safari/537.36',
  'connection' => 'close',
  'host' => 'www.jsh.com',
)
[ info ] [ PARAM ] array (
  '/captcha_html' => '',
  '1584837547621' => '',
)
---------------------------------------------------------------

[2020-03-22T08:39:12+08:00] 127.0.0.1 POST www.jsh.com/login
[运行时间：0.022076s] [吞吐率：45.30req/s] [内存消耗：2,676.98kb] [文件加载：72]
[ info ] [ LANG ] F:\phpstudy_pro\WWW\jsh\thinkphp\lang\zh-cn.php
[ info ] [ ROUTE ] array (
  'rule' => 'login',
  'route' => 'admin/login/login',
  'option' => 
  array (
    'merge_rule_regex' => false,
  ),
  'var' => 
  array (
  ),
)
[ info ] [ HEADER ] array (
  'cookie' => 'pgv_pvi=6898232320; Hm_lvt_b393d153aeb26b46e9431fabaf0f6190=1584583718; thinkphp_show_page_trace=0|0; PHPSESSID=2gt6cscp0tg4mo4s0lolvpar77; Hm_lvt_b393d153aeb26b46e9431fabaf0f6190=1584583718; Hm_lpvt_b393d153aeb26b46e9431fabaf0f6190=1584837441',
  'accept-language' => 'zh-CN,zh;q=0.9',
  'accept-encoding' => 'gzip, deflate',
  'referer' => 'http://www.jsh.com/view/login',
  'content-type' => 'application/x-www-form-urlencoded; charset=UTF-8',
  'user-agent' => 'Mozilla/5.0 (Windows NT 10.0; WOW64) AppleWebKit/537.36 (KHTML, like Gecko) Chrome/77.0.3865.120 Safari/537.36',
  'x-requested-with' => 'XMLHttpRequest',
  'origin' => 'http://www.jsh.com',
  'accept' => '*/*',
  'content-length' => '40',
  'connection' => 'close',
  'host' => 'www.jsh.com',
)
[ info ] [ PARAM ] array (
  '/login' => '',
  'username' => 'admin',
  'password' => '123456',
  'code' => 'iphp',
)
---------------------------------------------------------------

[2020-03-22T08:39:13+08:00] 127.0.0.1 POST www.jsh.com/login
[运行时间：0.022353s] [吞吐率：44.74req/s] [内存消耗：2,676.98kb] [文件加载：72]
[ info ] [ LANG ] F:\phpstudy_pro\WWW\jsh\thinkphp\lang\zh-cn.php
[ info ] [ ROUTE ] array (
  'rule' => 'login',
  'route' => 'admin/login/login',
  'option' => 
  array (
    'merge_rule_regex' => false,
  ),
  'var' => 
  array (
  ),
)
[ info ] [ HEADER ] array (
  'cookie' => 'pgv_pvi=6898232320; Hm_lvt_b393d153aeb26b46e9431fabaf0f6190=1584583718; thinkphp_show_page_trace=0|0; PHPSESSID=2gt6cscp0tg4mo4s0lolvpar77; Hm_lvt_b393d153aeb26b46e9431fabaf0f6190=1584583718; Hm_lpvt_b393d153aeb26b46e9431fabaf0f6190=1584837441',
  'accept-language' => 'zh-CN,zh;q=0.9',
  'accept-encoding' => 'gzip, deflate',
  'referer' => 'http://www.jsh.com/view/login',
  'content-type' => 'application/x-www-form-urlencoded; charset=UTF-8',
  'user-agent' => 'Mozilla/5.0 (Windows NT 10.0; WOW64) AppleWebKit/537.36 (KHTML, like Gecko) Chrome/77.0.3865.120 Safari/537.36',
  'x-requested-with' => 'XMLHttpRequest',
  'origin' => 'http://www.jsh.com',
  'accept' => '*/*',
  'content-length' => '40',
  'connection' => 'close',
  'host' => 'www.jsh.com',
)
[ info ] [ PARAM ] array (
  '/login' => '',
  'username' => 'admin',
  'password' => '123456',
  'code' => 'iphp',
)
---------------------------------------------------------------

[2020-03-22T08:39:16+08:00] 127.0.0.1 GET www.jsh.com/captcha.html?1584837556589
[运行时间：0.020064s] [吞吐率：49.84req/s] [内存消耗：2,108.58kb] [文件加载：60]
[ info ] [ LANG ] F:\phpstudy_pro\WWW\jsh\thinkphp\lang\zh-cn.php
[ info ] [ ROUTE ] array (
  'rule' => 'captcha/<id?>',
  'route' => '\\think\\captcha\\CaptchaController@index',
  'option' => 
  array (
    'merge_rule_regex' => false,
  ),
  'var' => 
  array (
  ),
)
[ info ] [ HEADER ] array (
  'cookie' => 'pgv_pvi=6898232320; Hm_lvt_b393d153aeb26b46e9431fabaf0f6190=1584583718; thinkphp_show_page_trace=0|0; PHPSESSID=2gt6cscp0tg4mo4s0lolvpar77; Hm_lvt_b393d153aeb26b46e9431fabaf0f6190=1584583718; Hm_lpvt_b393d153aeb26b46e9431fabaf0f6190=1584837441',
  'accept-language' => 'zh-CN,zh;q=0.9',
  'accept-encoding' => 'gzip, deflate',
  'referer' => 'http://www.jsh.com/view/login',
  'accept' => 'image/webp,image/apng,image/*,*/*;q=0.8',
  'user-agent' => 'Mozilla/5.0 (Windows NT 10.0; WOW64) AppleWebKit/537.36 (KHTML, like Gecko) Chrome/77.0.3865.120 Safari/537.36',
  'connection' => 'close',
  'host' => 'www.jsh.com',
)
[ info ] [ PARAM ] array (
  '/captcha_html' => '',
  '1584837556589' => '',
)
---------------------------------------------------------------

[2020-03-22T08:39:23+08:00] 127.0.0.1 POST www.jsh.com/login
[运行时间：0.049568s] [吞吐率：20.17req/s] [内存消耗：3,219.89kb] [文件加载：83]
[ info ] [ LANG ] F:\phpstudy_pro\WWW\jsh\thinkphp\lang\zh-cn.php
[ info ] [ ROUTE ] array (
  'rule' => 'login',
  'route' => 'admin/login/login',
  'option' => 
  array (
    'merge_rule_regex' => false,
  ),
  'var' => 
  array (
  ),
)
[ info ] [ HEADER ] array (
  'cookie' => 'pgv_pvi=6898232320; Hm_lvt_b393d153aeb26b46e9431fabaf0f6190=1584583718; thinkphp_show_page_trace=0|0; PHPSESSID=2gt6cscp0tg4mo4s0lolvpar77; Hm_lvt_b393d153aeb26b46e9431fabaf0f6190=1584583718; Hm_lpvt_b393d153aeb26b46e9431fabaf0f6190=1584837441',
  'accept-language' => 'zh-CN,zh;q=0.9',
  'accept-encoding' => 'gzip, deflate',
  'referer' => 'http://www.jsh.com/view/login',
  'content-type' => 'application/x-www-form-urlencoded; charset=UTF-8',
  'user-agent' => 'Mozilla/5.0 (Windows NT 10.0; WOW64) AppleWebKit/537.36 (KHTML, like Gecko) Chrome/77.0.3865.120 Safari/537.36',
  'x-requested-with' => 'XMLHttpRequest',
  'origin' => 'http://www.jsh.com',
  'accept' => '*/*',
  'content-length' => '40',
  'connection' => 'close',
  'host' => 'www.jsh.com',
)
[ info ] [ PARAM ] array (
  '/login' => '',
  'username' => 'admin',
  'password' => '123456',
  'code' => 'qzcj',
)
[ error ] [8192]Non-static method app\admin\model\Admin::modelLogin() should not be called statically, assuming $this from incompatible context[F:\phpstudy_pro\WWW\jsh\application\admin\controller\Login.php:27]
---------------------------------------------------------------

[2020-03-22T08:39:24+08:00] 127.0.0.1 POST www.jsh.com/login
[运行时间：0.024493s] [吞吐率：40.83req/s] [内存消耗：2,676.34kb] [文件加载：72]
[ info ] [ LANG ] F:\phpstudy_pro\WWW\jsh\thinkphp\lang\zh-cn.php
[ info ] [ ROUTE ] array (
  'rule' => 'login',
  'route' => 'admin/login/login',
  'option' => 
  array (
    'merge_rule_regex' => false,
  ),
  'var' => 
  array (
  ),
)
[ info ] [ HEADER ] array (
  'cookie' => 'pgv_pvi=6898232320; Hm_lvt_b393d153aeb26b46e9431fabaf0f6190=1584583718; thinkphp_show_page_trace=0|0; PHPSESSID=2gt6cscp0tg4mo4s0lolvpar77; Hm_lvt_b393d153aeb26b46e9431fabaf0f6190=1584583718; Hm_lpvt_b393d153aeb26b46e9431fabaf0f6190=1584837441',
  'accept-language' => 'zh-CN,zh;q=0.9',
  'accept-encoding' => 'gzip, deflate',
  'referer' => 'http://www.jsh.com/view/login',
  'content-type' => 'application/x-www-form-urlencoded; charset=UTF-8',
  'user-agent' => 'Mozilla/5.0 (Windows NT 10.0; WOW64) AppleWebKit/537.36 (KHTML, like Gecko) Chrome/77.0.3865.120 Safari/537.36',
  'x-requested-with' => 'XMLHttpRequest',
  'origin' => 'http://www.jsh.com',
  'accept' => '*/*',
  'content-length' => '40',
  'connection' => 'close',
  'host' => 'www.jsh.com',
)
[ info ] [ PARAM ] array (
  '/login' => '',
  'username' => 'admin',
  'password' => '123456',
  'code' => 'qzcj',
)
---------------------------------------------------------------

[2020-03-22T08:39:26+08:00] 127.0.0.1 GET www.jsh.com/captcha.html?1584837566669
[运行时间：0.020053s] [吞吐率：49.87req/s] [内存消耗：2,108.52kb] [文件加载：60]
[ info ] [ LANG ] F:\phpstudy_pro\WWW\jsh\thinkphp\lang\zh-cn.php
[ info ] [ ROUTE ] array (
  'rule' => 'captcha/<id?>',
  'route' => '\\think\\captcha\\CaptchaController@index',
  'option' => 
  array (
    'merge_rule_regex' => false,
  ),
  'var' => 
  array (
  ),
)
[ info ] [ HEADER ] array (
  'cookie' => 'pgv_pvi=6898232320; Hm_lvt_b393d153aeb26b46e9431fabaf0f6190=1584583718; thinkphp_show_page_trace=0|0; PHPSESSID=2gt6cscp0tg4mo4s0lolvpar77; Hm_lvt_b393d153aeb26b46e9431fabaf0f6190=1584583718; Hm_lpvt_b393d153aeb26b46e9431fabaf0f6190=1584837441',
  'accept-language' => 'zh-CN,zh;q=0.9',
  'accept-encoding' => 'gzip, deflate',
  'referer' => 'http://www.jsh.com/view/login',
  'accept' => 'image/webp,image/apng,image/*,*/*;q=0.8',
  'user-agent' => 'Mozilla/5.0 (Windows NT 10.0; WOW64) AppleWebKit/537.36 (KHTML, like Gecko) Chrome/77.0.3865.120 Safari/537.36',
  'connection' => 'close',
  'host' => 'www.jsh.com',
)
[ info ] [ PARAM ] array (
  '/captcha_html' => '',
  '1584837566669' => '',
)
---------------------------------------------------------------

[2020-03-22T08:39:33+08:00] 127.0.0.1 POST www.jsh.com/login
[运行时间：0.029297s] [吞吐率：34.13req/s] [内存消耗：3,219.89kb] [文件加载：83]
[ info ] [ LANG ] F:\phpstudy_pro\WWW\jsh\thinkphp\lang\zh-cn.php
[ info ] [ ROUTE ] array (
  'rule' => 'login',
  'route' => 'admin/login/login',
  'option' => 
  array (
    'merge_rule_regex' => false,
  ),
  'var' => 
  array (
  ),
)
[ info ] [ HEADER ] array (
  'cookie' => 'pgv_pvi=6898232320; Hm_lvt_b393d153aeb26b46e9431fabaf0f6190=1584583718; thinkphp_show_page_trace=0|0; PHPSESSID=2gt6cscp0tg4mo4s0lolvpar77; Hm_lvt_b393d153aeb26b46e9431fabaf0f6190=1584583718; Hm_lpvt_b393d153aeb26b46e9431fabaf0f6190=1584837441',
  'accept-language' => 'zh-CN,zh;q=0.9',
  'accept-encoding' => 'gzip, deflate',
  'referer' => 'http://www.jsh.com/view/login',
  'content-type' => 'application/x-www-form-urlencoded; charset=UTF-8',
  'user-agent' => 'Mozilla/5.0 (Windows NT 10.0; WOW64) AppleWebKit/537.36 (KHTML, like Gecko) Chrome/77.0.3865.120 Safari/537.36',
  'x-requested-with' => 'XMLHttpRequest',
  'origin' => 'http://www.jsh.com',
  'accept' => '*/*',
  'content-length' => '40',
  'connection' => 'close',
  'host' => 'www.jsh.com',
)
[ info ] [ PARAM ] array (
  '/login' => '',
  'username' => 'admin',
  'password' => '123456',
  'code' => 'ihwl',
)
[ error ] [8192]Non-static method app\admin\model\Admin::modelLogin() should not be called statically, assuming $this from incompatible context[F:\phpstudy_pro\WWW\jsh\application\admin\controller\Login.php:27]
---------------------------------------------------------------

[2020-03-22T08:39:35+08:00] 127.0.0.1 POST www.jsh.com/login
[运行时间：0.023321s] [吞吐率：42.88req/s] [内存消耗：2,676.34kb] [文件加载：72]
[ info ] [ LANG ] F:\phpstudy_pro\WWW\jsh\thinkphp\lang\zh-cn.php
[ info ] [ ROUTE ] array (
  'rule' => 'login',
  'route' => 'admin/login/login',
  'option' => 
  array (
    'merge_rule_regex' => false,
  ),
  'var' => 
  array (
  ),
)
[ info ] [ HEADER ] array (
  'cookie' => 'pgv_pvi=6898232320; Hm_lvt_b393d153aeb26b46e9431fabaf0f6190=1584583718; thinkphp_show_page_trace=0|0; PHPSESSID=2gt6cscp0tg4mo4s0lolvpar77; Hm_lvt_b393d153aeb26b46e9431fabaf0f6190=1584583718; Hm_lpvt_b393d153aeb26b46e9431fabaf0f6190=1584837441',
  'accept-language' => 'zh-CN,zh;q=0.9',
  'accept-encoding' => 'gzip, deflate',
  'referer' => 'http://www.jsh.com/view/login',
  'content-type' => 'application/x-www-form-urlencoded; charset=UTF-8',
  'user-agent' => 'Mozilla/5.0 (Windows NT 10.0; WOW64) AppleWebKit/537.36 (KHTML, like Gecko) Chrome/77.0.3865.120 Safari/537.36',
  'x-requested-with' => 'XMLHttpRequest',
  'origin' => 'http://www.jsh.com',
  'accept' => '*/*',
  'content-length' => '40',
  'connection' => 'close',
  'host' => 'www.jsh.com',
)
[ info ] [ PARAM ] array (
  '/login' => '',
  'username' => 'admin',
  'password' => '123456',
  'code' => 'ihwl',
)
---------------------------------------------------------------

[2020-03-22T08:39:39+08:00] 127.0.0.1 GET www.jsh.com/captcha.html?1584837579917
[运行时间：0.021915s] [吞吐率：45.63req/s] [内存消耗：2,108.53kb] [文件加载：60]
[ info ] [ LANG ] F:\phpstudy_pro\WWW\jsh\thinkphp\lang\zh-cn.php
[ info ] [ ROUTE ] array (
  'rule' => 'captcha/<id?>',
  'route' => '\\think\\captcha\\CaptchaController@index',
  'option' => 
  array (
    'merge_rule_regex' => false,
  ),
  'var' => 
  array (
  ),
)
[ info ] [ HEADER ] array (
  'cookie' => 'pgv_pvi=6898232320; Hm_lvt_b393d153aeb26b46e9431fabaf0f6190=1584583718; thinkphp_show_page_trace=0|0; PHPSESSID=2gt6cscp0tg4mo4s0lolvpar77; Hm_lvt_b393d153aeb26b46e9431fabaf0f6190=1584583718; Hm_lpvt_b393d153aeb26b46e9431fabaf0f6190=1584837441',
  'accept-language' => 'zh-CN,zh;q=0.9',
  'accept-encoding' => 'gzip, deflate',
  'referer' => 'http://www.jsh.com/view/login',
  'accept' => 'image/webp,image/apng,image/*,*/*;q=0.8',
  'user-agent' => 'Mozilla/5.0 (Windows NT 10.0; WOW64) AppleWebKit/537.36 (KHTML, like Gecko) Chrome/77.0.3865.120 Safari/537.36',
  'connection' => 'close',
  'host' => 'www.jsh.com',
)
[ info ] [ PARAM ] array (
  '/captcha_html' => '',
  '1584837579917' => '',
)
---------------------------------------------------------------

[2020-03-22T08:39:57+08:00] 127.0.0.1 POST www.jsh.com/login
[运行时间：0.031873s] [吞吐率：31.37req/s] [内存消耗：3,219.89kb] [文件加载：83]
[ info ] [ LANG ] F:\phpstudy_pro\WWW\jsh\thinkphp\lang\zh-cn.php
[ info ] [ ROUTE ] array (
  'rule' => 'login',
  'route' => 'admin/login/login',
  'option' => 
  array (
    'merge_rule_regex' => false,
  ),
  'var' => 
  array (
  ),
)
[ info ] [ HEADER ] array (
  'cookie' => 'pgv_pvi=6898232320; Hm_lvt_b393d153aeb26b46e9431fabaf0f6190=1584583718; thinkphp_show_page_trace=0|0; PHPSESSID=2gt6cscp0tg4mo4s0lolvpar77; Hm_lvt_b393d153aeb26b46e9431fabaf0f6190=1584583718; Hm_lpvt_b393d153aeb26b46e9431fabaf0f6190=1584837441',
  'accept-language' => 'zh-CN,zh;q=0.9',
  'accept-encoding' => 'gzip, deflate',
  'referer' => 'http://www.jsh.com/view/login',
  'content-type' => 'application/x-www-form-urlencoded; charset=UTF-8',
  'user-agent' => 'Mozilla/5.0 (Windows NT 10.0; WOW64) AppleWebKit/537.36 (KHTML, like Gecko) Chrome/77.0.3865.120 Safari/537.36',
  'x-requested-with' => 'XMLHttpRequest',
  'origin' => 'http://www.jsh.com',
  'accept' => '*/*',
  'content-length' => '40',
  'connection' => 'close',
  'host' => 'www.jsh.com',
)
[ info ] [ PARAM ] array (
  '/login' => '',
  'username' => 'admin',
  'password' => '123456',
  'code' => '7rta',
)
[ error ] [8192]Non-static method app\admin\model\Admin::modelLogin() should not be called statically, assuming $this from incompatible context[F:\phpstudy_pro\WWW\jsh\application\admin\controller\Login.php:27]
---------------------------------------------------------------

[2020-03-22T08:42:23+08:00] 127.0.0.1 GET www.jsh.com/view/login
[运行时间：0.033722s] [吞吐率：29.65req/s] [内存消耗：2,711.81kb] [文件加载：73]
[ info ] [ LANG ] F:\phpstudy_pro\WWW\jsh\thinkphp\lang\zh-cn.php
[ info ] [ ROUTE ] array (
  'rule' => 'view/login',
  'route' => 'admin/Login/login_view',
  'option' => 
  array (
    'merge_rule_regex' => false,
  ),
  'var' => 
  array (
  ),
)
[ info ] [ HEADER ] array (
  'cookie' => 'thinkphp_show_page_trace=0|0; pgv_pvi=6898232320; Hm_lvt_b393d153aeb26b46e9431fabaf0f6190=1584583718; thinkphp_show_page_trace=0|0; PHPSESSID=2gt6cscp0tg4mo4s0lolvpar77; Hm_lvt_b393d153aeb26b46e9431fabaf0f6190=1584583718; Hm_lpvt_b393d153aeb26b46e9431fabaf0f6190=1584837441',
  'accept-language' => 'zh-CN,zh;q=0.9',
  'accept-encoding' => 'gzip, deflate',
  'referer' => 'http://www.jsh.com/admin',
  'accept' => 'text/html,application/xhtml+xml,application/xml;q=0.9,image/webp,image/apng,*/*;q=0.8,application/signed-exchange;v=b3',
  'user-agent' => 'Mozilla/5.0 (Windows NT 10.0; WOW64) AppleWebKit/537.36 (KHTML, like Gecko) Chrome/77.0.3865.120 Safari/537.36',
  'upgrade-insecure-requests' => '1',
  'cache-control' => 'max-age=0',
  'connection' => 'close',
  'host' => 'www.jsh.com',
)
[ info ] [ PARAM ] array (
  '/view/login' => '',
)
[ info ] [ VIEW ] F:\phpstudy_pro\WWW\jsh\application\admin\view\login\login_view.html [ array (
) ]
---------------------------------------------------------------

[2020-03-22T08:42:23+08:00] 127.0.0.1 GET www.jsh.com/captcha.html
[运行时间：0.021467s] [吞吐率：46.58req/s] [内存消耗：2,108.62kb] [文件加载：60]
[ info ] [ LANG ] F:\phpstudy_pro\WWW\jsh\thinkphp\lang\zh-cn.php
[ info ] [ ROUTE ] array (
  'rule' => 'captcha/<id?>',
  'route' => '\\think\\captcha\\CaptchaController@index',
  'option' => 
  array (
    'merge_rule_regex' => false,
  ),
  'var' => 
  array (
  ),
)
[ info ] [ HEADER ] array (
  'cookie' => 'pgv_pvi=6898232320; Hm_lvt_b393d153aeb26b46e9431fabaf0f6190=1584583718; thinkphp_show_page_trace=0|0; PHPSESSID=2gt6cscp0tg4mo4s0lolvpar77; Hm_lvt_b393d153aeb26b46e9431fabaf0f6190=1584583718; Hm_lpvt_b393d153aeb26b46e9431fabaf0f6190=1584837441',
  'accept-language' => 'zh-CN,zh;q=0.9',
  'accept-encoding' => 'gzip, deflate',
  'referer' => 'http://www.jsh.com/view/login',
  'accept' => 'image/webp,image/apng,image/*,*/*;q=0.8',
  'user-agent' => 'Mozilla/5.0 (Windows NT 10.0; WOW64) AppleWebKit/537.36 (KHTML, like Gecko) Chrome/77.0.3865.120 Safari/537.36',
  'connection' => 'close',
  'host' => 'www.jsh.com',
)
[ info ] [ PARAM ] array (
  '/captcha_html' => '',
)
---------------------------------------------------------------

[2020-03-22T08:42:34+08:00] 127.0.0.1 POST www.jsh.com/login
[运行时间：0.196344s] [吞吐率：5.09req/s] [内存消耗：4,364.23kb] [文件加载：84]
[ info ] [ LANG ] F:\phpstudy_pro\WWW\jsh\thinkphp\lang\zh-cn.php
[ info ] [ ROUTE ] array (
  'rule' => 'login',
  'route' => 'admin/login/login',
  'option' => 
  array (
    'merge_rule_regex' => false,
  ),
  'var' => 
  array (
  ),
)
[ info ] [ HEADER ] array (
  'cookie' => 'pgv_pvi=6898232320; Hm_lvt_b393d153aeb26b46e9431fabaf0f6190=1584583718; thinkphp_show_page_trace=0|0; PHPSESSID=2gt6cscp0tg4mo4s0lolvpar77; Hm_lvt_b393d153aeb26b46e9431fabaf0f6190=1584583718; Hm_lpvt_b393d153aeb26b46e9431fabaf0f6190=1584837441',
  'accept-language' => 'zh-CN,zh;q=0.9',
  'accept-encoding' => 'gzip, deflate',
  'referer' => 'http://www.jsh.com/view/login',
  'content-type' => 'application/x-www-form-urlencoded; charset=UTF-8',
  'user-agent' => 'Mozilla/5.0 (Windows NT 10.0; WOW64) AppleWebKit/537.36 (KHTML, like Gecko) Chrome/77.0.3865.120 Safari/537.36',
  'x-requested-with' => 'XMLHttpRequest',
  'origin' => 'http://www.jsh.com',
  'accept' => '*/*',
  'content-length' => '40',
  'connection' => 'close',
  'host' => 'www.jsh.com',
)
[ info ] [ PARAM ] array (
  '/login' => '',
  'username' => 'admin',
  'password' => '123456',
  'code' => 'mmug',
)
[ info ] [ DB ] INIT mysql
[ sql ] [ DB ] CONNECT:[ UseTime:0.068434s ] mysql:host=47.113.115.38;port=3306;dbname=jsh;charset=utf8
[ sql ] [ SQL ] SHOW COLUMNS FROM `fx_admin` [ RunTime:0.043638s ]
[ sql ] [ SQL ] SELECT * FROM `fx_admin` WHERE  `aname` = 'admin'  AND `apassword` = 'cc4daa0ba7c9d512aa49dbbec367090a27888297'  AND `addtime` = 0  AND `rule` = 0 LIMIT 1 [ RunTime:0.043746s ]
---------------------------------------------------------------

[2020-03-22T08:43:06+08:00] 127.0.0.1 GET www.jsh.com/view/login
[运行时间：0.032989s] [吞吐率：30.31req/s] [内存消耗：2,711.81kb] [文件加载：73]
[ info ] [ LANG ] F:\phpstudy_pro\WWW\jsh\thinkphp\lang\zh-cn.php
[ info ] [ ROUTE ] array (
  'rule' => 'view/login',
  'route' => 'admin/Login/login_view',
  'option' => 
  array (
    'merge_rule_regex' => false,
  ),
  'var' => 
  array (
  ),
)
[ info ] [ HEADER ] array (
  'cookie' => 'thinkphp_show_page_trace=0|0; pgv_pvi=6898232320; Hm_lvt_b393d153aeb26b46e9431fabaf0f6190=1584583718; thinkphp_show_page_trace=0|0; PHPSESSID=2gt6cscp0tg4mo4s0lolvpar77; Hm_lvt_b393d153aeb26b46e9431fabaf0f6190=1584583718; Hm_lpvt_b393d153aeb26b46e9431fabaf0f6190=1584837441',
  'accept-language' => 'zh-CN,zh;q=0.9',
  'accept-encoding' => 'gzip, deflate',
  'referer' => 'http://www.jsh.com/admin',
  'accept' => 'text/html,application/xhtml+xml,application/xml;q=0.9,image/webp,image/apng,*/*;q=0.8,application/signed-exchange;v=b3',
  'user-agent' => 'Mozilla/5.0 (Windows NT 10.0; WOW64) AppleWebKit/537.36 (KHTML, like Gecko) Chrome/77.0.3865.120 Safari/537.36',
  'upgrade-insecure-requests' => '1',
  'cache-control' => 'max-age=0',
  'connection' => 'close',
  'host' => 'www.jsh.com',
)
[ info ] [ PARAM ] array (
  '/view/login' => '',
)
[ info ] [ VIEW ] F:\phpstudy_pro\WWW\jsh\application\admin\view\login\login_view.html [ array (
) ]
---------------------------------------------------------------

[2020-03-22T08:43:06+08:00] 127.0.0.1 GET www.jsh.com/captcha.html
[运行时间：0.031923s] [吞吐率：31.33req/s] [内存消耗：2,108.62kb] [文件加载：60]
[ info ] [ LANG ] F:\phpstudy_pro\WWW\jsh\thinkphp\lang\zh-cn.php
[ info ] [ ROUTE ] array (
  'rule' => 'captcha/<id?>',
  'route' => '\\think\\captcha\\CaptchaController@index',
  'option' => 
  array (
    'merge_rule_regex' => false,
  ),
  'var' => 
  array (
  ),
)
[ info ] [ HEADER ] array (
  'cookie' => 'pgv_pvi=6898232320; Hm_lvt_b393d153aeb26b46e9431fabaf0f6190=1584583718; thinkphp_show_page_trace=0|0; PHPSESSID=2gt6cscp0tg4mo4s0lolvpar77; Hm_lvt_b393d153aeb26b46e9431fabaf0f6190=1584583718; Hm_lpvt_b393d153aeb26b46e9431fabaf0f6190=1584837441',
  'accept-language' => 'zh-CN,zh;q=0.9',
  'accept-encoding' => 'gzip, deflate',
  'referer' => 'http://www.jsh.com/view/login',
  'accept' => 'image/webp,image/apng,image/*,*/*;q=0.8',
  'user-agent' => 'Mozilla/5.0 (Windows NT 10.0; WOW64) AppleWebKit/537.36 (KHTML, like Gecko) Chrome/77.0.3865.120 Safari/537.36',
  'connection' => 'close',
  'host' => 'www.jsh.com',
)
[ info ] [ PARAM ] array (
  '/captcha_html' => '',
)
---------------------------------------------------------------

[2020-03-22T08:43:20+08:00] 127.0.0.1 POST www.jsh.com/login
[运行时间：0.298149s] [吞吐率：3.35req/s] [内存消耗：4,364.23kb] [文件加载：84]
[ info ] [ LANG ] F:\phpstudy_pro\WWW\jsh\thinkphp\lang\zh-cn.php
[ info ] [ ROUTE ] array (
  'rule' => 'login',
  'route' => 'admin/login/login',
  'option' => 
  array (
    'merge_rule_regex' => false,
  ),
  'var' => 
  array (
  ),
)
[ info ] [ HEADER ] array (
  'cookie' => 'pgv_pvi=6898232320; Hm_lvt_b393d153aeb26b46e9431fabaf0f6190=1584583718; thinkphp_show_page_trace=0|0; PHPSESSID=2gt6cscp0tg4mo4s0lolvpar77; Hm_lvt_b393d153aeb26b46e9431fabaf0f6190=1584583718; Hm_lpvt_b393d153aeb26b46e9431fabaf0f6190=1584837441',
  'accept-language' => 'zh-CN,zh;q=0.9',
  'accept-encoding' => 'gzip, deflate',
  'referer' => 'http://www.jsh.com/view/login',
  'content-type' => 'application/x-www-form-urlencoded; charset=UTF-8',
  'user-agent' => 'Mozilla/5.0 (Windows NT 10.0; WOW64) AppleWebKit/537.36 (KHTML, like Gecko) Chrome/77.0.3865.120 Safari/537.36',
  'x-requested-with' => 'XMLHttpRequest',
  'origin' => 'http://www.jsh.com',
  'accept' => '*/*',
  'content-length' => '40',
  'connection' => 'close',
  'host' => 'www.jsh.com',
)
[ info ] [ PARAM ] array (
  '/login' => '',
  'username' => 'admin',
  'password' => '123456',
  'code' => 'tgkv',
)
[ info ] [ DB ] INIT mysql
[ sql ] [ DB ] CONNECT:[ UseTime:0.111318s ] mysql:host=47.113.115.38;port=3306;dbname=jsh;charset=utf8
[ sql ] [ SQL ] SHOW COLUMNS FROM `fx_admin` [ RunTime:0.075187s ]
[ sql ] [ SQL ] SELECT * FROM `fx_admin` WHERE  `aname` = 'admin'  AND `apassword` = 'cc4daa0ba7c9d512aa49dbbec367090a27888297'  AND `addtime` = 0  AND `rule` = 0 LIMIT 1 [ RunTime:0.074345s ]
---------------------------------------------------------------

[2020-03-22T08:43:41+08:00] 127.0.0.1 GET www.jsh.com/view/login
[运行时间：0.030614s] [吞吐率：32.66req/s] [内存消耗：2,712.13kb] [文件加载：73]
[ info ] [ LANG ] F:\phpstudy_pro\WWW\jsh\thinkphp\lang\zh-cn.php
[ info ] [ ROUTE ] array (
  'rule' => 'view/login',
  'route' => 'admin/Login/login_view',
  'option' => 
  array (
    'merge_rule_regex' => false,
  ),
  'var' => 
  array (
  ),
)
[ info ] [ HEADER ] array (
  'cookie' => 'thinkphp_show_page_trace=0|0; pgv_pvi=6898232320; Hm_lvt_b393d153aeb26b46e9431fabaf0f6190=1584583718; thinkphp_show_page_trace=0|0; PHPSESSID=2gt6cscp0tg4mo4s0lolvpar77; Hm_lvt_b393d153aeb26b46e9431fabaf0f6190=1584583718; Hm_lpvt_b393d153aeb26b46e9431fabaf0f6190=1584837441',
  'accept-language' => 'zh-CN,zh;q=0.9',
  'accept-encoding' => 'gzip, deflate',
  'referer' => 'http://www.jsh.com/admin',
  'accept' => 'text/html,application/xhtml+xml,application/xml;q=0.9,image/webp,image/apng,*/*;q=0.8,application/signed-exchange;v=b3',
  'user-agent' => 'Mozilla/5.0 (Windows NT 10.0; WOW64) AppleWebKit/537.36 (KHTML, like Gecko) Chrome/77.0.3865.120 Safari/537.36',
  'upgrade-insecure-requests' => '1',
  'cache-control' => 'max-age=0',
  'connection' => 'close',
  'host' => 'www.jsh.com',
)
[ info ] [ PARAM ] array (
  '/view/login' => '',
)
[ info ] [ VIEW ] F:\phpstudy_pro\WWW\jsh\application\admin\view\login\login_view.html [ array (
) ]
---------------------------------------------------------------

[2020-03-22T08:43:41+08:00] 127.0.0.1 GET www.jsh.com/captcha.html
[运行时间：0.022110s] [吞吐率：45.23req/s] [内存消耗：2,108.63kb] [文件加载：60]
[ info ] [ LANG ] F:\phpstudy_pro\WWW\jsh\thinkphp\lang\zh-cn.php
[ info ] [ ROUTE ] array (
  'rule' => 'captcha/<id?>',
  'route' => '\\think\\captcha\\CaptchaController@index',
  'option' => 
  array (
    'merge_rule_regex' => false,
  ),
  'var' => 
  array (
  ),
)
[ info ] [ HEADER ] array (
  'cookie' => 'pgv_pvi=6898232320; Hm_lvt_b393d153aeb26b46e9431fabaf0f6190=1584583718; thinkphp_show_page_trace=0|0; PHPSESSID=2gt6cscp0tg4mo4s0lolvpar77; Hm_lvt_b393d153aeb26b46e9431fabaf0f6190=1584583718; Hm_lpvt_b393d153aeb26b46e9431fabaf0f6190=1584837441',
  'accept-language' => 'zh-CN,zh;q=0.9',
  'accept-encoding' => 'gzip, deflate',
  'referer' => 'http://www.jsh.com/view/login',
  'accept' => 'image/webp,image/apng,image/*,*/*;q=0.8',
  'user-agent' => 'Mozilla/5.0 (Windows NT 10.0; WOW64) AppleWebKit/537.36 (KHTML, like Gecko) Chrome/77.0.3865.120 Safari/537.36',
  'connection' => 'close',
  'host' => 'www.jsh.com',
)
[ info ] [ PARAM ] array (
  '/captcha_html' => '',
)
---------------------------------------------------------------

[2020-03-22T08:43:50+08:00] 127.0.0.1 POST www.jsh.com/login
[运行时间：0.254685s] [吞吐率：3.93req/s] [内存消耗：4,291.09kb] [文件加载：82]
[ info ] [ LANG ] F:\phpstudy_pro\WWW\jsh\thinkphp\lang\zh-cn.php
[ info ] [ ROUTE ] array (
  'rule' => 'login',
  'route' => 'admin/login/login',
  'option' => 
  array (
    'merge_rule_regex' => false,
  ),
  'var' => 
  array (
  ),
)
[ info ] [ HEADER ] array (
  'cookie' => 'pgv_pvi=6898232320; Hm_lvt_b393d153aeb26b46e9431fabaf0f6190=1584583718; thinkphp_show_page_trace=0|0; PHPSESSID=2gt6cscp0tg4mo4s0lolvpar77; Hm_lvt_b393d153aeb26b46e9431fabaf0f6190=1584583718; Hm_lpvt_b393d153aeb26b46e9431fabaf0f6190=1584837441',
  'accept-language' => 'zh-CN,zh;q=0.9',
  'accept-encoding' => 'gzip, deflate',
  'referer' => 'http://www.jsh.com/view/login',
  'content-type' => 'application/x-www-form-urlencoded; charset=UTF-8',
  'user-agent' => 'Mozilla/5.0 (Windows NT 10.0; WOW64) AppleWebKit/537.36 (KHTML, like Gecko) Chrome/77.0.3865.120 Safari/537.36',
  'x-requested-with' => 'XMLHttpRequest',
  'origin' => 'http://www.jsh.com',
  'accept' => '*/*',
  'content-length' => '40',
  'connection' => 'close',
  'host' => 'www.jsh.com',
)
[ info ] [ PARAM ] array (
  '/login' => '',
  'username' => 'admin',
  'password' => '123456',
  'code' => 'qei6',
)
[ info ] [ DB ] INIT mysql
[ sql ] [ DB ] CONNECT:[ UseTime:0.090306s ] mysql:host=47.113.115.38;port=3306;dbname=jsh;charset=utf8
[ sql ] [ SQL ] SHOW COLUMNS FROM `fx_admin` [ RunTime:0.060871s ]
[ sql ] [ SQL ] SELECT * FROM `fx_admin` WHERE  `aname` = 'admin'  AND `apassword` = 'cc4daa0ba7c9d512aa49dbbec367090a27888297'  AND `addtime` = 0  AND `rule` = 0 LIMIT 1 [ RunTime:0.061286s ]
---------------------------------------------------------------

[2020-03-22T08:44:53+08:00] 127.0.0.1 GET www.jsh.com/view/login
[运行时间：0.032735s] [吞吐率：30.55req/s] [内存消耗：2,712.13kb] [文件加载：73]
[ info ] [ LANG ] F:\phpstudy_pro\WWW\jsh\thinkphp\lang\zh-cn.php
[ info ] [ ROUTE ] array (
  'rule' => 'view/login',
  'route' => 'admin/Login/login_view',
  'option' => 
  array (
    'merge_rule_regex' => false,
  ),
  'var' => 
  array (
  ),
)
[ info ] [ HEADER ] array (
  'cookie' => 'thinkphp_show_page_trace=0|0; pgv_pvi=6898232320; Hm_lvt_b393d153aeb26b46e9431fabaf0f6190=1584583718; thinkphp_show_page_trace=0|0; PHPSESSID=2gt6cscp0tg4mo4s0lolvpar77; Hm_lvt_b393d153aeb26b46e9431fabaf0f6190=1584583718; Hm_lpvt_b393d153aeb26b46e9431fabaf0f6190=1584837441',
  'accept-language' => 'zh-CN,zh;q=0.9',
  'accept-encoding' => 'gzip, deflate',
  'referer' => 'http://www.jsh.com/admin',
  'accept' => 'text/html,application/xhtml+xml,application/xml;q=0.9,image/webp,image/apng,*/*;q=0.8,application/signed-exchange;v=b3',
  'user-agent' => 'Mozilla/5.0 (Windows NT 10.0; WOW64) AppleWebKit/537.36 (KHTML, like Gecko) Chrome/77.0.3865.120 Safari/537.36',
  'upgrade-insecure-requests' => '1',
  'cache-control' => 'max-age=0',
  'connection' => 'close',
  'host' => 'www.jsh.com',
)
[ info ] [ PARAM ] array (
  '/view/login' => '',
)
[ info ] [ VIEW ] F:\phpstudy_pro\WWW\jsh\application\admin\view\login\login_view.html [ array (
) ]
---------------------------------------------------------------

[2020-03-22T08:44:53+08:00] 127.0.0.1 GET www.jsh.com/captcha.html
[运行时间：0.028706s] [吞吐率：34.84req/s] [内存消耗：2,108.66kb] [文件加载：60]
[ info ] [ LANG ] F:\phpstudy_pro\WWW\jsh\thinkphp\lang\zh-cn.php
[ info ] [ ROUTE ] array (
  'rule' => 'captcha/<id?>',
  'route' => '\\think\\captcha\\CaptchaController@index',
  'option' => 
  array (
    'merge_rule_regex' => false,
  ),
  'var' => 
  array (
  ),
)
[ info ] [ HEADER ] array (
  'cookie' => 'pgv_pvi=6898232320; Hm_lvt_b393d153aeb26b46e9431fabaf0f6190=1584583718; thinkphp_show_page_trace=0|0; PHPSESSID=2gt6cscp0tg4mo4s0lolvpar77; Hm_lvt_b393d153aeb26b46e9431fabaf0f6190=1584583718; Hm_lpvt_b393d153aeb26b46e9431fabaf0f6190=1584837441',
  'accept-language' => 'zh-CN,zh;q=0.9',
  'accept-encoding' => 'gzip, deflate',
  'referer' => 'http://www.jsh.com/view/login',
  'accept' => 'image/webp,image/apng,image/*,*/*;q=0.8',
  'user-agent' => 'Mozilla/5.0 (Windows NT 10.0; WOW64) AppleWebKit/537.36 (KHTML, like Gecko) Chrome/77.0.3865.120 Safari/537.36',
  'connection' => 'close',
  'host' => 'www.jsh.com',
)
[ info ] [ PARAM ] array (
  '/captcha_html' => '',
)
---------------------------------------------------------------

[2020-03-22T08:45:01+08:00] 127.0.0.1 POST www.jsh.com/login
[运行时间：0.141990s] [吞吐率：7.04req/s] [内存消耗：4,288.98kb] [文件加载：82]
[ info ] [ LANG ] F:\phpstudy_pro\WWW\jsh\thinkphp\lang\zh-cn.php
[ info ] [ ROUTE ] array (
  'rule' => 'login',
  'route' => 'admin/login/login',
  'option' => 
  array (
    'merge_rule_regex' => false,
  ),
  'var' => 
  array (
  ),
)
[ info ] [ HEADER ] array (
  'cookie' => 'pgv_pvi=6898232320; Hm_lvt_b393d153aeb26b46e9431fabaf0f6190=1584583718; thinkphp_show_page_trace=0|0; PHPSESSID=2gt6cscp0tg4mo4s0lolvpar77; Hm_lvt_b393d153aeb26b46e9431fabaf0f6190=1584583718; Hm_lpvt_b393d153aeb26b46e9431fabaf0f6190=1584837441',
  'accept-language' => 'zh-CN,zh;q=0.9',
  'accept-encoding' => 'gzip, deflate',
  'referer' => 'http://www.jsh.com/view/login',
  'content-type' => 'application/x-www-form-urlencoded; charset=UTF-8',
  'user-agent' => 'Mozilla/5.0 (Windows NT 10.0; WOW64) AppleWebKit/537.36 (KHTML, like Gecko) Chrome/77.0.3865.120 Safari/537.36',
  'x-requested-with' => 'XMLHttpRequest',
  'origin' => 'http://www.jsh.com',
  'accept' => '*/*',
  'content-length' => '40',
  'connection' => 'close',
  'host' => 'www.jsh.com',
)
[ info ] [ PARAM ] array (
  '/login' => '',
  'username' => 'admin',
  'password' => '123456',
  'code' => 'bmdt',
)
[ info ] [ DB ] INIT mysql
[ sql ] [ DB ] CONNECT:[ UseTime:0.046246s ] mysql:host=47.113.115.38;port=3306;dbname=jsh;charset=utf8
[ sql ] [ SQL ] SHOW COLUMNS FROM `fx_admin` [ RunTime:0.030501s ]
[ sql ] [ SQL ] SELECT * FROM `fx_admin` LIMIT 1 [ RunTime:0.030990s ]
---------------------------------------------------------------

[2020-03-22T08:45:13+08:00] 127.0.0.1 GET www.jsh.com/view/login
[运行时间：0.033010s] [吞吐率：30.29req/s] [内存消耗：2,711.81kb] [文件加载：73]
[ info ] [ LANG ] F:\phpstudy_pro\WWW\jsh\thinkphp\lang\zh-cn.php
[ info ] [ ROUTE ] array (
  'rule' => 'view/login',
  'route' => 'admin/Login/login_view',
  'option' => 
  array (
    'merge_rule_regex' => false,
  ),
  'var' => 
  array (
  ),
)
[ info ] [ HEADER ] array (
  'cookie' => 'thinkphp_show_page_trace=0|0; pgv_pvi=6898232320; Hm_lvt_b393d153aeb26b46e9431fabaf0f6190=1584583718; thinkphp_show_page_trace=0|0; PHPSESSID=2gt6cscp0tg4mo4s0lolvpar77; Hm_lvt_b393d153aeb26b46e9431fabaf0f6190=1584583718; Hm_lpvt_b393d153aeb26b46e9431fabaf0f6190=1584837441',
  'accept-language' => 'zh-CN,zh;q=0.9',
  'accept-encoding' => 'gzip, deflate',
  'referer' => 'http://www.jsh.com/admin',
  'accept' => 'text/html,application/xhtml+xml,application/xml;q=0.9,image/webp,image/apng,*/*;q=0.8,application/signed-exchange;v=b3',
  'user-agent' => 'Mozilla/5.0 (Windows NT 10.0; WOW64) AppleWebKit/537.36 (KHTML, like Gecko) Chrome/77.0.3865.120 Safari/537.36',
  'upgrade-insecure-requests' => '1',
  'cache-control' => 'max-age=0',
  'connection' => 'close',
  'host' => 'www.jsh.com',
)
[ info ] [ PARAM ] array (
  '/view/login' => '',
)
[ info ] [ VIEW ] F:\phpstudy_pro\WWW\jsh\application\admin\view\login\login_view.html [ array (
) ]
---------------------------------------------------------------

[2020-03-22T08:45:13+08:00] 127.0.0.1 GET www.jsh.com/captcha.html
[运行时间：0.023204s] [吞吐率：43.10req/s] [内存消耗：2,108.60kb] [文件加载：60]
[ info ] [ LANG ] F:\phpstudy_pro\WWW\jsh\thinkphp\lang\zh-cn.php
[ info ] [ ROUTE ] array (
  'rule' => 'captcha/<id?>',
  'route' => '\\think\\captcha\\CaptchaController@index',
  'option' => 
  array (
    'merge_rule_regex' => false,
  ),
  'var' => 
  array (
  ),
)
[ info ] [ HEADER ] array (
  'cookie' => 'pgv_pvi=6898232320; Hm_lvt_b393d153aeb26b46e9431fabaf0f6190=1584583718; thinkphp_show_page_trace=0|0; PHPSESSID=2gt6cscp0tg4mo4s0lolvpar77; Hm_lvt_b393d153aeb26b46e9431fabaf0f6190=1584583718; Hm_lpvt_b393d153aeb26b46e9431fabaf0f6190=1584837441',
  'accept-language' => 'zh-CN,zh;q=0.9',
  'accept-encoding' => 'gzip, deflate',
  'referer' => 'http://www.jsh.com/view/login',
  'accept' => 'image/webp,image/apng,image/*,*/*;q=0.8',
  'user-agent' => 'Mozilla/5.0 (Windows NT 10.0; WOW64) AppleWebKit/537.36 (KHTML, like Gecko) Chrome/77.0.3865.120 Safari/537.36',
  'connection' => 'close',
  'host' => 'www.jsh.com',
)
[ info ] [ PARAM ] array (
  '/captcha_html' => '',
)
---------------------------------------------------------------

[2020-03-22T08:45:25+08:00] 127.0.0.1 POST www.jsh.com/login
[运行时间：0.255100s] [吞吐率：3.92req/s] [内存消耗：4,360.65kb] [文件加载：84]
[ info ] [ LANG ] F:\phpstudy_pro\WWW\jsh\thinkphp\lang\zh-cn.php
[ info ] [ ROUTE ] array (
  'rule' => 'login',
  'route' => 'admin/login/login',
  'option' => 
  array (
    'merge_rule_regex' => false,
  ),
  'var' => 
  array (
  ),
)
[ info ] [ HEADER ] array (
  'cookie' => 'pgv_pvi=6898232320; Hm_lvt_b393d153aeb26b46e9431fabaf0f6190=1584583718; thinkphp_show_page_trace=0|0; PHPSESSID=2gt6cscp0tg4mo4s0lolvpar77; Hm_lvt_b393d153aeb26b46e9431fabaf0f6190=1584583718; Hm_lpvt_b393d153aeb26b46e9431fabaf0f6190=1584837441',
  'accept-language' => 'zh-CN,zh;q=0.9',
  'accept-encoding' => 'gzip, deflate',
  'referer' => 'http://www.jsh.com/view/login',
  'content-type' => 'application/x-www-form-urlencoded; charset=UTF-8',
  'user-agent' => 'Mozilla/5.0 (Windows NT 10.0; WOW64) AppleWebKit/537.36 (KHTML, like Gecko) Chrome/77.0.3865.120 Safari/537.36',
  'x-requested-with' => 'XMLHttpRequest',
  'origin' => 'http://www.jsh.com',
  'accept' => '*/*',
  'content-length' => '40',
  'connection' => 'close',
  'host' => 'www.jsh.com',
)
[ info ] [ PARAM ] array (
  '/login' => '',
  'username' => 'admin',
  'password' => '123456',
  'code' => 'fn8b',
)
[ info ] [ DB ] INIT mysql
[ sql ] [ DB ] CONNECT:[ UseTime:0.093678s ] mysql:host=47.113.115.38;port=3306;dbname=jsh;charset=utf8
[ sql ] [ SQL ] SHOW COLUMNS FROM `fx_admin` [ RunTime:0.063181s ]
[ sql ] [ SQL ] SELECT * FROM `fx_admin` LIMIT 1 [ RunTime:0.063334s ]
---------------------------------------------------------------

[2020-03-22T08:45:28+08:00] 127.0.0.1 GET www.jsh.com/admin
[运行时间：0.030326s] [吞吐率：32.97req/s] [内存消耗：2,670.13kb] [文件加载：72]
[ info ] [ LANG ] F:\phpstudy_pro\WWW\jsh\thinkphp\lang\zh-cn.php
[ info ] [ ROUTE ] array (
)
[ info ] [ HEADER ] array (
  'cookie' => 'pgv_pvi=6898232320; Hm_lvt_b393d153aeb26b46e9431fabaf0f6190=1584583718; thinkphp_show_page_trace=0|0; PHPSESSID=2gt6cscp0tg4mo4s0lolvpar77; Hm_lvt_b393d153aeb26b46e9431fabaf0f6190=1584583718; Hm_lpvt_b393d153aeb26b46e9431fabaf0f6190=1584837441',
  'accept-language' => 'zh-CN,zh;q=0.9',
  'accept-encoding' => 'gzip, deflate',
  'referer' => 'http://www.jsh.com/view/login',
  'accept' => 'text/html,application/xhtml+xml,application/xml;q=0.9,image/webp,image/apng,*/*;q=0.8,application/signed-exchange;v=b3',
  'user-agent' => 'Mozilla/5.0 (Windows NT 10.0; WOW64) AppleWebKit/537.36 (KHTML, like Gecko) Chrome/77.0.3865.120 Safari/537.36',
  'upgrade-insecure-requests' => '1',
  'connection' => 'close',
  'host' => 'www.jsh.com',
)
[ info ] [ PARAM ] array (
  '/admin' => '',
)
[ info ] [ VIEW ] F:\phpstudy_pro\WWW\jsh\application\admin\view\index\index.html [ array (
) ]
---------------------------------------------------------------

[2020-03-22T08:45:28+08:00] 127.0.0.1 GET www.jsh.com/unicode.html
[运行时间：0.023458s] [吞吐率：42.63req/s] [内存消耗：2,230.86kb] [文件加载：64]
[ info ] [ LANG ] F:\phpstudy_pro\WWW\jsh\thinkphp\lang\zh-cn.php
---------------------------------------------------------------

[2020-03-22T08:45:28+08:00] 127.0.0.1 GET www.jsh.com/admin/integral/addtype
[运行时间：0.050075s] [吞吐率：19.97req/s] [内存消耗：2,679.28kb] [文件加载：74]
[ info ] [ LANG ] F:\phpstudy_pro\WWW\jsh\thinkphp\lang\zh-cn.php
[ info ] [ ROUTE ] array (
)
[ info ] [ HEADER ] array (
  'cookie' => 'pgv_pvi=6898232320; Hm_lvt_b393d153aeb26b46e9431fabaf0f6190=1584583718; thinkphp_show_page_trace=0|0; PHPSESSID=2gt6cscp0tg4mo4s0lolvpar77; Hm_lvt_b393d153aeb26b46e9431fabaf0f6190=1584583718; Hm_lpvt_b393d153aeb26b46e9431fabaf0f6190=1584837441',
  'accept-language' => 'zh-CN,zh;q=0.9',
  'accept-encoding' => 'gzip, deflate',
  'referer' => 'http://www.jsh.com/admin',
  'accept' => 'text/html,application/xhtml+xml,application/xml;q=0.9,image/webp,image/apng,*/*;q=0.8,application/signed-exchange;v=b3',
  'user-agent' => 'Mozilla/5.0 (Windows NT 10.0; WOW64) AppleWebKit/537.36 (KHTML, like Gecko) Chrome/77.0.3865.120 Safari/537.36',
  'upgrade-insecure-requests' => '1',
  'connection' => 'close',
  'host' => 'www.jsh.com',
)
[ info ] [ PARAM ] array (
  '/admin/integral/addtype' => '',
)
[ info ] [ VIEW ] F:\phpstudy_pro\WWW\jsh\application\admin\view\integral\addtype.html [ array (
) ]
---------------------------------------------------------------

[2020-03-22T08:45:28+08:00] 127.0.0.1 GET www.jsh.com/admin/integral/index
[运行时间：0.080875s] [吞吐率：12.36req/s] [内存消耗：2,768.73kb] [文件加载：76]
[ info ] [ LANG ] F:\phpstudy_pro\WWW\jsh\thinkphp\lang\zh-cn.php
[ info ] [ ROUTE ] array (
)
[ info ] [ HEADER ] array (
  'cookie' => 'pgv_pvi=6898232320; Hm_lvt_b393d153aeb26b46e9431fabaf0f6190=1584583718; thinkphp_show_page_trace=0|0; PHPSESSID=2gt6cscp0tg4mo4s0lolvpar77; Hm_lvt_b393d153aeb26b46e9431fabaf0f6190=1584583718; Hm_lpvt_b393d153aeb26b46e9431fabaf0f6190=1584837441',
  'accept-language' => 'zh-CN,zh;q=0.9',
  'accept-encoding' => 'gzip, deflate',
  'referer' => 'http://www.jsh.com/admin',
  'accept' => 'text/html,application/xhtml+xml,application/xml;q=0.9,image/webp,image/apng,*/*;q=0.8,application/signed-exchange;v=b3',
  'user-agent' => 'Mozilla/5.0 (Windows NT 10.0; WOW64) AppleWebKit/537.36 (KHTML, like Gecko) Chrome/77.0.3865.120 Safari/537.36',
  'upgrade-insecure-requests' => '1',
  'connection' => 'close',
  'host' => 'www.jsh.com',
)
[ info ] [ PARAM ] array (
  '/admin/integral/index' => '',
)
[ info ] [ VIEW ] F:\phpstudy_pro\WWW\jsh\application\admin\view\integral\index.html [ array (
) ]
---------------------------------------------------------------

[2020-03-22T08:45:29+08:00] 127.0.0.1 GET www.jsh.com/view/admin_list
[运行时间：0.320918s] [吞吐率：3.12req/s] [内存消耗：4,421.25kb] [文件加载：85]
[ info ] [ LANG ] F:\phpstudy_pro\WWW\jsh\thinkphp\lang\zh-cn.php
[ info ] [ ROUTE ] array (
  'rule' => 'view/admin_list',
  'route' => 'admin/admin/admin_list',
  'option' => 
  array (
    'merge_rule_regex' => false,
  ),
  'var' => 
  array (
  ),
)
[ info ] [ HEADER ] array (
  'cookie' => 'thinkphp_show_page_trace=0|0; pgv_pvi=6898232320; Hm_lvt_b393d153aeb26b46e9431fabaf0f6190=1584583718; thinkphp_show_page_trace=0|0; PHPSESSID=2gt6cscp0tg4mo4s0lolvpar77; Hm_lvt_b393d153aeb26b46e9431fabaf0f6190=1584583718; Hm_lpvt_b393d153aeb26b46e9431fabaf0f6190=1584837441',
  'accept-language' => 'zh-CN,zh;q=0.9',
  'accept-encoding' => 'gzip, deflate',
  'referer' => 'http://www.jsh.com/admin',
  'accept' => 'text/html,application/xhtml+xml,application/xml;q=0.9,image/webp,image/apng,*/*;q=0.8,application/signed-exchange;v=b3',
  'user-agent' => 'Mozilla/5.0 (Windows NT 10.0; WOW64) AppleWebKit/537.36 (KHTML, like Gecko) Chrome/77.0.3865.120 Safari/537.36',
  'upgrade-insecure-requests' => '1',
  'connection' => 'close',
  'host' => 'www.jsh.com',
)
[ info ] [ PARAM ] array (
  '/view/admin_list' => '',
)
[ info ] [ DB ] INIT mysql
[ info ] [ VIEW ] F:\phpstudy_pro\WWW\jsh\application\admin\view\admin\admin_list.html [ array (
  0 => 'list',
) ]
[ sql ] [ DB ] CONNECT:[ UseTime:0.113450s ] mysql:host=47.113.115.38;port=3306;dbname=jsh;charset=utf8
[ sql ] [ SQL ] SHOW COLUMNS FROM `fx_admin` [ RunTime:0.076127s ]
[ sql ] [ SQL ] SELECT * FROM `fx_admin` [ RunTime:0.074131s ]
---------------------------------------------------------------

[2020-03-22T09:00:56+08:00] 127.0.0.1 GET www.jsh.com/admin
[运行时间：0.032366s] [吞吐率：30.90req/s] [内存消耗：2,670.97kb] [文件加载：72]
[ info ] [ LANG ] F:\phpstudy_pro\WWW\jsh\thinkphp\lang\zh-cn.php
[ info ] [ ROUTE ] array (
)
[ info ] [ HEADER ] array (
  'cookie' => 'pgv_pvi=6898232320; Hm_lvt_b393d153aeb26b46e9431fabaf0f6190=1584583718; thinkphp_show_page_trace=0|0; PHPSESSID=2gt6cscp0tg4mo4s0lolvpar77; Hm_lvt_b393d153aeb26b46e9431fabaf0f6190=1584583718; Hm_lpvt_b393d153aeb26b46e9431fabaf0f6190=1584837929',
  'accept-language' => 'zh-CN,zh;q=0.9',
  'accept-encoding' => 'gzip, deflate',
  'referer' => 'http://www.jsh.com/view/login',
  'accept' => 'text/html,application/xhtml+xml,application/xml;q=0.9,image/webp,image/apng,*/*;q=0.8,application/signed-exchange;v=b3',
  'user-agent' => 'Mozilla/5.0 (Windows NT 10.0; WOW64) AppleWebKit/537.36 (KHTML, like Gecko) Chrome/77.0.3865.120 Safari/537.36',
  'upgrade-insecure-requests' => '1',
  'cache-control' => 'max-age=0',
  'connection' => 'close',
  'host' => 'www.jsh.com',
)
[ info ] [ PARAM ] array (
  '/admin' => '',
)
[ info ] [ VIEW ] F:\phpstudy_pro\WWW\jsh\application\admin\view\index\index.html [ array (
) ]
---------------------------------------------------------------

[2020-03-22T09:00:56+08:00] 127.0.0.1 GET www.jsh.com/admin/integral/index
[运行时间：0.035655s] [吞吐率：28.05req/s] [内存消耗：2,768.80kb] [文件加载：76]
[ info ] [ LANG ] F:\phpstudy_pro\WWW\jsh\thinkphp\lang\zh-cn.php
[ info ] [ ROUTE ] array (
)
[ info ] [ HEADER ] array (
  'cookie' => 'thinkphp_show_page_trace=0|0; pgv_pvi=6898232320; Hm_lvt_b393d153aeb26b46e9431fabaf0f6190=1584583718; thinkphp_show_page_trace=0|0; PHPSESSID=2gt6cscp0tg4mo4s0lolvpar77; Hm_lvt_b393d153aeb26b46e9431fabaf0f6190=1584583718; Hm_lpvt_b393d153aeb26b46e9431fabaf0f6190=1584837929',
  'accept-language' => 'zh-CN,zh;q=0.9',
  'accept-encoding' => 'gzip, deflate',
  'referer' => 'http://www.jsh.com/admin',
  'accept' => 'text/html,application/xhtml+xml,application/xml;q=0.9,image/webp,image/apng,*/*;q=0.8,application/signed-exchange;v=b3',
  'user-agent' => 'Mozilla/5.0 (Windows NT 10.0; WOW64) AppleWebKit/537.36 (KHTML, like Gecko) Chrome/77.0.3865.120 Safari/537.36',
  'upgrade-insecure-requests' => '1',
  'connection' => 'close',
  'host' => 'www.jsh.com',
)
[ info ] [ PARAM ] array (
  '/admin/integral/index' => '',
)
[ info ] [ VIEW ] F:\phpstudy_pro\WWW\jsh\application\admin\view\integral\index.html [ array (
) ]
---------------------------------------------------------------

[2020-03-22T09:00:56+08:00] 127.0.0.1 GET www.jsh.com/admin/integral/addtype
[运行时间：0.035789s] [吞吐率：27.94req/s] [内存消耗：2,679.13kb] [文件加载：74]
[ info ] [ LANG ] F:\phpstudy_pro\WWW\jsh\thinkphp\lang\zh-cn.php
[ info ] [ ROUTE ] array (
)
[ info ] [ HEADER ] array (
  'cookie' => 'thinkphp_show_page_trace=0|0; pgv_pvi=6898232320; Hm_lvt_b393d153aeb26b46e9431fabaf0f6190=1584583718; thinkphp_show_page_trace=0|0; PHPSESSID=2gt6cscp0tg4mo4s0lolvpar77; Hm_lvt_b393d153aeb26b46e9431fabaf0f6190=1584583718; Hm_lpvt_b393d153aeb26b46e9431fabaf0f6190=1584837929',
  'accept-language' => 'zh-CN,zh;q=0.9',
  'accept-encoding' => 'gzip, deflate',
  'referer' => 'http://www.jsh.com/admin',
  'accept' => 'text/html,application/xhtml+xml,application/xml;q=0.9,image/webp,image/apng,*/*;q=0.8,application/signed-exchange;v=b3',
  'user-agent' => 'Mozilla/5.0 (Windows NT 10.0; WOW64) AppleWebKit/537.36 (KHTML, like Gecko) Chrome/77.0.3865.120 Safari/537.36',
  'upgrade-insecure-requests' => '1',
  'connection' => 'close',
  'host' => 'www.jsh.com',
)
[ info ] [ PARAM ] array (
  '/admin/integral/addtype' => '',
)
[ info ] [ VIEW ] F:\phpstudy_pro\WWW\jsh\application\admin\view\integral\addtype.html [ array (
) ]
---------------------------------------------------------------

[2020-03-22T09:00:56+08:00] 127.0.0.1 GET www.jsh.com/unicode.html
[运行时间：0.029018s] [吞吐率：34.46req/s] [内存消耗：2,230.86kb] [文件加载：64]
[ info ] [ LANG ] F:\phpstudy_pro\WWW\jsh\thinkphp\lang\zh-cn.php
---------------------------------------------------------------

[2020-03-22T09:00:57+08:00] 127.0.0.1 GET www.jsh.com/view/admin_list
[运行时间：0.233097s] [吞吐率：4.29req/s] [内存消耗：4,626.29kb] [文件加载：87]
[ info ] [ LANG ] F:\phpstudy_pro\WWW\jsh\thinkphp\lang\zh-cn.php
[ info ] [ ROUTE ] array (
  'rule' => 'view/admin_list',
  'route' => 'admin/admin/admin_list',
  'option' => 
  array (
    'merge_rule_regex' => false,
  ),
  'var' => 
  array (
  ),
)
[ info ] [ HEADER ] array (
  'cookie' => 'thinkphp_show_page_trace=0|0; pgv_pvi=6898232320; Hm_lvt_b393d153aeb26b46e9431fabaf0f6190=1584583718; thinkphp_show_page_trace=0|0; PHPSESSID=2gt6cscp0tg4mo4s0lolvpar77; Hm_lvt_b393d153aeb26b46e9431fabaf0f6190=1584583718; Hm_lpvt_b393d153aeb26b46e9431fabaf0f6190=1584837929',
  'accept-language' => 'zh-CN,zh;q=0.9',
  'accept-encoding' => 'gzip, deflate',
  'referer' => 'http://www.jsh.com/admin',
  'accept' => 'text/html,application/xhtml+xml,application/xml;q=0.9,image/webp,image/apng,*/*;q=0.8,application/signed-exchange;v=b3',
  'user-agent' => 'Mozilla/5.0 (Windows NT 10.0; WOW64) AppleWebKit/537.36 (KHTML, like Gecko) Chrome/77.0.3865.120 Safari/537.36',
  'upgrade-insecure-requests' => '1',
  'connection' => 'close',
  'host' => 'www.jsh.com',
)
[ info ] [ PARAM ] array (
  '/view/admin_list' => '',
)
[ info ] [ DB ] INIT mysql
[ info ] [ VIEW ] F:\phpstudy_pro\WWW\jsh\application\admin\view\admin\admin_list.html [ array (
  0 => 'list',
) ]
[ sql ] [ DB ] CONNECT:[ UseTime:0.073818s ] mysql:host=47.113.115.38;port=3306;dbname=jsh;charset=utf8
[ sql ] [ SQL ] SHOW COLUMNS FROM `fx_admin` [ RunTime:0.058735s ]
[ sql ] [ SQL ] SELECT * FROM `fx_admin` [ RunTime:0.058068s ]
---------------------------------------------------------------

[2020-03-22T09:03:18+08:00] 127.0.0.1 GET www.jsh.com/admin
[运行时间：0.033431s] [吞吐率：29.91req/s] [内存消耗：2,671.54kb] [文件加载：72]
[ info ] [ LANG ] F:\phpstudy_pro\WWW\jsh\thinkphp\lang\zh-cn.php
[ info ] [ ROUTE ] array (
)
[ info ] [ HEADER ] array (
  'cookie' => 'pgv_pvi=6898232320; Hm_lvt_b393d153aeb26b46e9431fabaf0f6190=1584583718; thinkphp_show_page_trace=0|0; PHPSESSID=2gt6cscp0tg4mo4s0lolvpar77; Hm_lvt_b393d153aeb26b46e9431fabaf0f6190=1584583718; Hm_lpvt_b393d153aeb26b46e9431fabaf0f6190=1584838858',
  'accept-language' => 'zh-CN,zh;q=0.9',
  'accept-encoding' => 'gzip, deflate',
  'referer' => 'http://www.jsh.com/view/login',
  'accept' => 'text/html,application/xhtml+xml,application/xml;q=0.9,image/webp,image/apng,*/*;q=0.8,application/signed-exchange;v=b3',
  'user-agent' => 'Mozilla/5.0 (Windows NT 10.0; WOW64) AppleWebKit/537.36 (KHTML, like Gecko) Chrome/77.0.3865.120 Safari/537.36',
  'upgrade-insecure-requests' => '1',
  'cache-control' => 'max-age=0',
  'connection' => 'close',
  'host' => 'www.jsh.com',
)
[ info ] [ PARAM ] array (
  '/admin' => '',
)
[ info ] [ VIEW ] F:\phpstudy_pro\WWW\jsh\application\admin\view\index\index.html [ array (
) ]
---------------------------------------------------------------

[2020-03-22T09:03:19+08:00] 127.0.0.1 GET www.jsh.com/admin/integral/addtype
[运行时间：0.031915s] [吞吐率：31.33req/s] [内存消耗：2,679.72kb] [文件加载：74]
[ info ] [ LANG ] F:\phpstudy_pro\WWW\jsh\thinkphp\lang\zh-cn.php
[ info ] [ ROUTE ] array (
)
[ info ] [ HEADER ] array (
  'cookie' => 'thinkphp_show_page_trace=0|0; pgv_pvi=6898232320; Hm_lvt_b393d153aeb26b46e9431fabaf0f6190=1584583718; thinkphp_show_page_trace=0|0; PHPSESSID=2gt6cscp0tg4mo4s0lolvpar77; Hm_lvt_b393d153aeb26b46e9431fabaf0f6190=1584583718; Hm_lpvt_b393d153aeb26b46e9431fabaf0f6190=1584838858',
  'accept-language' => 'zh-CN,zh;q=0.9',
  'accept-encoding' => 'gzip, deflate',
  'referer' => 'http://www.jsh.com/admin',
  'accept' => 'text/html,application/xhtml+xml,application/xml;q=0.9,image/webp,image/apng,*/*;q=0.8,application/signed-exchange;v=b3',
  'user-agent' => 'Mozilla/5.0 (Windows NT 10.0; WOW64) AppleWebKit/537.36 (KHTML, like Gecko) Chrome/77.0.3865.120 Safari/537.36',
  'upgrade-insecure-requests' => '1',
  'connection' => 'close',
  'host' => 'www.jsh.com',
)
[ info ] [ PARAM ] array (
  '/admin/integral/addtype' => '',
)
[ info ] [ VIEW ] F:\phpstudy_pro\WWW\jsh\application\admin\view\integral\addtype.html [ array (
) ]
---------------------------------------------------------------

[2020-03-22T09:03:19+08:00] 127.0.0.1 GET www.jsh.com/admin/integral/index
[运行时间：0.043183s] [吞吐率：23.16req/s] [内存消耗：2,769.09kb] [文件加载：76]
[ info ] [ LANG ] F:\phpstudy_pro\WWW\jsh\thinkphp\lang\zh-cn.php
[ info ] [ ROUTE ] array (
)
[ info ] [ HEADER ] array (
  'cookie' => 'thinkphp_show_page_trace=0|0; pgv_pvi=6898232320; Hm_lvt_b393d153aeb26b46e9431fabaf0f6190=1584583718; thinkphp_show_page_trace=0|0; PHPSESSID=2gt6cscp0tg4mo4s0lolvpar77; Hm_lvt_b393d153aeb26b46e9431fabaf0f6190=1584583718; Hm_lpvt_b393d153aeb26b46e9431fabaf0f6190=1584838858',
  'accept-language' => 'zh-CN,zh;q=0.9',
  'accept-encoding' => 'gzip, deflate',
  'referer' => 'http://www.jsh.com/admin',
  'accept' => 'text/html,application/xhtml+xml,application/xml;q=0.9,image/webp,image/apng,*/*;q=0.8,application/signed-exchange;v=b3',
  'user-agent' => 'Mozilla/5.0 (Windows NT 10.0; WOW64) AppleWebKit/537.36 (KHTML, like Gecko) Chrome/77.0.3865.120 Safari/537.36',
  'upgrade-insecure-requests' => '1',
  'connection' => 'close',
  'host' => 'www.jsh.com',
)
[ info ] [ PARAM ] array (
  '/admin/integral/index' => '',
)
[ info ] [ VIEW ] F:\phpstudy_pro\WWW\jsh\application\admin\view\integral\index.html [ array (
) ]
---------------------------------------------------------------

[2020-03-22T09:03:19+08:00] 127.0.0.1 GET www.jsh.com/unicode.html
[运行时间：0.038417s] [吞吐率：26.03req/s] [内存消耗：2,230.86kb] [文件加载：64]
[ info ] [ LANG ] F:\phpstudy_pro\WWW\jsh\thinkphp\lang\zh-cn.php
---------------------------------------------------------------

[2020-03-22T09:03:20+08:00] 127.0.0.1 GET www.jsh.com/view/admin_list
[运行时间：0.149268s] [吞吐率：6.70req/s] [内存消耗：4,626.61kb] [文件加载：87]
[ info ] [ LANG ] F:\phpstudy_pro\WWW\jsh\thinkphp\lang\zh-cn.php
[ info ] [ ROUTE ] array (
  'rule' => 'view/admin_list',
  'route' => 'admin/admin/admin_list',
  'option' => 
  array (
    'merge_rule_regex' => false,
  ),
  'var' => 
  array (
  ),
)
[ info ] [ HEADER ] array (
  'cookie' => 'thinkphp_show_page_trace=0|0; pgv_pvi=6898232320; Hm_lvt_b393d153aeb26b46e9431fabaf0f6190=1584583718; thinkphp_show_page_trace=0|0; PHPSESSID=2gt6cscp0tg4mo4s0lolvpar77; Hm_lvt_b393d153aeb26b46e9431fabaf0f6190=1584583718; Hm_lpvt_b393d153aeb26b46e9431fabaf0f6190=1584838858',
  'accept-language' => 'zh-CN,zh;q=0.9',
  'accept-encoding' => 'gzip, deflate',
  'referer' => 'http://www.jsh.com/admin',
  'accept' => 'text/html,application/xhtml+xml,application/xml;q=0.9,image/webp,image/apng,*/*;q=0.8,application/signed-exchange;v=b3',
  'user-agent' => 'Mozilla/5.0 (Windows NT 10.0; WOW64) AppleWebKit/537.36 (KHTML, like Gecko) Chrome/77.0.3865.120 Safari/537.36',
  'upgrade-insecure-requests' => '1',
  'connection' => 'close',
  'host' => 'www.jsh.com',
)
[ info ] [ PARAM ] array (
  '/view/admin_list' => '',
)
[ info ] [ DB ] INIT mysql
[ info ] [ VIEW ] F:\phpstudy_pro\WWW\jsh\application\admin\view\admin\admin_list.html [ array (
  0 => 'list',
) ]
[ sql ] [ DB ] CONNECT:[ UseTime:0.046218s ] mysql:host=47.113.115.38;port=3306;dbname=jsh;charset=utf8
[ sql ] [ SQL ] SHOW COLUMNS FROM `fx_admin` [ RunTime:0.031685s ]
[ sql ] [ SQL ] SELECT * FROM `fx_admin` [ RunTime:0.030745s ]
---------------------------------------------------------------

[2020-03-22T09:03:32+08:00] 127.0.0.1 GET www.jsh.com/admin
[运行时间：0.029172s] [吞吐率：34.28req/s] [内存消耗：2,671.54kb] [文件加载：72]
[ info ] [ LANG ] F:\phpstudy_pro\WWW\jsh\thinkphp\lang\zh-cn.php
[ info ] [ ROUTE ] array (
)
[ info ] [ HEADER ] array (
  'cookie' => 'pgv_pvi=6898232320; Hm_lvt_b393d153aeb26b46e9431fabaf0f6190=1584583718; thinkphp_show_page_trace=0|0; PHPSESSID=2gt6cscp0tg4mo4s0lolvpar77; Hm_lvt_b393d153aeb26b46e9431fabaf0f6190=1584583718; Hm_lpvt_b393d153aeb26b46e9431fabaf0f6190=1584839000',
  'accept-language' => 'zh-CN,zh;q=0.9',
  'accept-encoding' => 'gzip, deflate',
  'referer' => 'http://www.jsh.com/view/login',
  'accept' => 'text/html,application/xhtml+xml,application/xml;q=0.9,image/webp,image/apng,*/*;q=0.8,application/signed-exchange;v=b3',
  'user-agent' => 'Mozilla/5.0 (Windows NT 10.0; WOW64) AppleWebKit/537.36 (KHTML, like Gecko) Chrome/77.0.3865.120 Safari/537.36',
  'upgrade-insecure-requests' => '1',
  'cache-control' => 'max-age=0',
  'connection' => 'close',
  'host' => 'www.jsh.com',
)
[ info ] [ PARAM ] array (
  '/admin' => '',
)
[ info ] [ VIEW ] F:\phpstudy_pro\WWW\jsh\application\admin\view\index\index.html [ array (
) ]
---------------------------------------------------------------

[2020-03-22T09:03:32+08:00] 127.0.0.1 GET www.jsh.com/admin/integral/index
[运行时间：0.028583s] [吞吐率：34.99req/s] [内存消耗：2,769.09kb] [文件加载：76]
[ info ] [ LANG ] F:\phpstudy_pro\WWW\jsh\thinkphp\lang\zh-cn.php
[ info ] [ ROUTE ] array (
)
[ info ] [ HEADER ] array (
  'cookie' => 'thinkphp_show_page_trace=0|0; pgv_pvi=6898232320; Hm_lvt_b393d153aeb26b46e9431fabaf0f6190=1584583718; thinkphp_show_page_trace=0|0; PHPSESSID=2gt6cscp0tg4mo4s0lolvpar77; Hm_lvt_b393d153aeb26b46e9431fabaf0f6190=1584583718; Hm_lpvt_b393d153aeb26b46e9431fabaf0f6190=1584839000',
  'accept-language' => 'zh-CN,zh;q=0.9',
  'accept-encoding' => 'gzip, deflate',
  'referer' => 'http://www.jsh.com/admin',
  'accept' => 'text/html,application/xhtml+xml,application/xml;q=0.9,image/webp,image/apng,*/*;q=0.8,application/signed-exchange;v=b3',
  'user-agent' => 'Mozilla/5.0 (Windows NT 10.0; WOW64) AppleWebKit/537.36 (KHTML, like Gecko) Chrome/77.0.3865.120 Safari/537.36',
  'upgrade-insecure-requests' => '1',
  'connection' => 'close',
  'host' => 'www.jsh.com',
)
[ info ] [ PARAM ] array (
  '/admin/integral/index' => '',
)
[ info ] [ VIEW ] F:\phpstudy_pro\WWW\jsh\application\admin\view\integral\index.html [ array (
) ]
---------------------------------------------------------------

[2020-03-22T09:03:32+08:00] 127.0.0.1 GET www.jsh.com/admin/integral/addtype
[运行时间：0.027229s] [吞吐率：36.73req/s] [内存消耗：2,679.72kb] [文件加载：74]
[ info ] [ LANG ] F:\phpstudy_pro\WWW\jsh\thinkphp\lang\zh-cn.php
[ info ] [ ROUTE ] array (
)
[ info ] [ HEADER ] array (
  'cookie' => 'thinkphp_show_page_trace=0|0; pgv_pvi=6898232320; Hm_lvt_b393d153aeb26b46e9431fabaf0f6190=1584583718; thinkphp_show_page_trace=0|0; PHPSESSID=2gt6cscp0tg4mo4s0lolvpar77; Hm_lvt_b393d153aeb26b46e9431fabaf0f6190=1584583718; Hm_lpvt_b393d153aeb26b46e9431fabaf0f6190=1584839000',
  'accept-language' => 'zh-CN,zh;q=0.9',
  'accept-encoding' => 'gzip, deflate',
  'referer' => 'http://www.jsh.com/admin',
  'accept' => 'text/html,application/xhtml+xml,application/xml;q=0.9,image/webp,image/apng,*/*;q=0.8,application/signed-exchange;v=b3',
  'user-agent' => 'Mozilla/5.0 (Windows NT 10.0; WOW64) AppleWebKit/537.36 (KHTML, like Gecko) Chrome/77.0.3865.120 Safari/537.36',
  'upgrade-insecure-requests' => '1',
  'connection' => 'close',
  'host' => 'www.jsh.com',
)
[ info ] [ PARAM ] array (
  '/admin/integral/addtype' => '',
)
[ info ] [ VIEW ] F:\phpstudy_pro\WWW\jsh\application\admin\view\integral\addtype.html [ array (
) ]
---------------------------------------------------------------

[2020-03-22T09:03:32+08:00] 127.0.0.1 GET www.jsh.com/unicode.html
[运行时间：0.032232s] [吞吐率：31.03req/s] [内存消耗：2,230.86kb] [文件加载：64]
[ info ] [ LANG ] F:\phpstudy_pro\WWW\jsh\thinkphp\lang\zh-cn.php
---------------------------------------------------------------

[2020-03-22T09:03:32+08:00] 127.0.0.1 GET www.jsh.com/view/admin_list
[运行时间：0.246989s] [吞吐率：4.05req/s] [内存消耗：4,423.56kb] [文件加载：85]
[ info ] [ LANG ] F:\phpstudy_pro\WWW\jsh\thinkphp\lang\zh-cn.php
[ info ] [ ROUTE ] array (
  'rule' => 'view/admin_list',
  'route' => 'admin/admin/admin_list',
  'option' => 
  array (
    'merge_rule_regex' => false,
  ),
  'var' => 
  array (
  ),
)
[ info ] [ HEADER ] array (
  'cookie' => 'thinkphp_show_page_trace=0|0; pgv_pvi=6898232320; Hm_lvt_b393d153aeb26b46e9431fabaf0f6190=1584583718; thinkphp_show_page_trace=0|0; PHPSESSID=2gt6cscp0tg4mo4s0lolvpar77; Hm_lvt_b393d153aeb26b46e9431fabaf0f6190=1584583718; Hm_lpvt_b393d153aeb26b46e9431fabaf0f6190=1584839000',
  'accept-language' => 'zh-CN,zh;q=0.9',
  'accept-encoding' => 'gzip, deflate',
  'referer' => 'http://www.jsh.com/admin',
  'accept' => 'text/html,application/xhtml+xml,application/xml;q=0.9,image/webp,image/apng,*/*;q=0.8,application/signed-exchange;v=b3',
  'user-agent' => 'Mozilla/5.0 (Windows NT 10.0; WOW64) AppleWebKit/537.36 (KHTML, like Gecko) Chrome/77.0.3865.120 Safari/537.36',
  'upgrade-insecure-requests' => '1',
  'connection' => 'close',
  'host' => 'www.jsh.com',
)
[ info ] [ PARAM ] array (
  '/view/admin_list' => '',
)
[ info ] [ DB ] INIT mysql
[ info ] [ VIEW ] F:\phpstudy_pro\WWW\jsh\application\admin\view\admin\admin_list.html [ array (
  0 => 'list',
) ]
[ sql ] [ DB ] CONNECT:[ UseTime:0.087316s ] mysql:host=47.113.115.38;port=3306;dbname=jsh;charset=utf8
[ sql ] [ SQL ] SHOW COLUMNS FROM `fx_admin` [ RunTime:0.059541s ]
[ sql ] [ SQL ] SELECT * FROM `fx_admin` [ RunTime:0.059019s ]
---------------------------------------------------------------

[2020-03-22T04:14:14+00:00] 127.0.0.1 GET www.fenxiao.com/view/login
[运行时间：0.015000s] [吞吐率：66.67req/s] [内存消耗：739.41kb] [文件加载：47]
[ error ] [64]think\__require_file(): Failed opening required 'D:\PHPstudy\PHPTutorial\WWW\fx\vendor\composer/../topthink/think-helper/src/helper.php' (include_path='.;C:\php\pear')[D:\PHPstudy\PHPTutorial\WWW\fx\thinkphp\library\think\Loader.php:416]
---------------------------------------------------------------

[2020-03-22T04:14:16+00:00] 127.0.0.1 GET www.fenxiao.com/view/login
[运行时间：0.015001s] [吞吐率：66.66req/s] [内存消耗：739.41kb] [文件加载：47]
[ error ] [64]think\__require_file(): Failed opening required 'D:\PHPstudy\PHPTutorial\WWW\fx\vendor\composer/../topthink/think-helper/src/helper.php' (include_path='.;C:\php\pear')[D:\PHPstudy\PHPTutorial\WWW\fx\thinkphp\library\think\Loader.php:416]
---------------------------------------------------------------

[2020-03-22T04:14:25+00:00] 127.0.0.1 GET www.fenxiao.com/view/admin
[运行时间：0.014001s] [吞吐率：71.42req/s] [内存消耗：739.13kb] [文件加载：47]
[ error ] [64]think\__require_file(): Failed opening required 'D:\PHPstudy\PHPTutorial\WWW\fx\vendor\composer/../topthink/think-helper/src/helper.php' (include_path='.;C:\php\pear')[D:\PHPstudy\PHPTutorial\WWW\fx\thinkphp\library\think\Loader.php:416]
